The system is: Linux - 3.10.0-514.el7.x86_64 - x86_64
Compiling the CXX compiler identification source file "CMakeCXXCompilerId.cpp" succeeded.
Compiler: /v/apps/intel/composer_xe_2016_update3/compilers_and_libraries_2016.3.210/linux/bin/intel64/icpc 
Build flags: 
Id flags:  

The output was:
0


Compilation of the CXX compiler identification source "CMakeCXXCompilerId.cpp" produced "a.out"

The CXX compiler identification is Intel, found in "/u/samar/Documents/git/cuda/cmake-build-debug/CMakeFiles/3.9.0/CompilerIdCXX/a.out"

Compiling the CUDA compiler identification source file "CMakeCUDACompilerId.cu" succeeded.
Compiler: /v/apps/cuda/9.2.148/bin/nvcc 
Build flags: 
Id flags:  -v;--keep;--keep-dir;tmp

The output was:
0
#$ _SPACE_= 
#$ _CUDART_=cudart
#$ _HERE_=/v/apps/cuda/9.2.148/bin
#$ _THERE_=/v/apps/cuda/9.2.148/bin
#$ _TARGET_SIZE_=
#$ _TARGET_DIR_=
#$ _TARGET_SIZE_=64
#$ TOP=/v/apps/cuda/9.2.148/bin/..
#$ NVVMIR_LIBRARY_DIR=/v/apps/cuda/9.2.148/bin/../nvvm/libdevice
#$ LD_LIBRARY_PATH=/v/apps/cuda/9.2.148/bin/../lib:/v/apps/cuda/9.2.148/lib64:/v/apps/mpi/mvapich2/2.2-intel16.0.3/lib:/v/apps/intel/composer_xe_2016_update3/compilers_and_libraries_2016.3.210/linux/compiler/lib/intel64:/v/apps/intel/composer_xe_2016_update3/compilers_and_libraries_2016.3.210/linux/compiler/lib/intel64_lin:/v/apps/intel/composer_xe_2016_update3/compilers_and_libraries_2016.3.210/linux/ipp/lib/intel64:/v/apps/intel/composer_xe_2016_update3/compilers_and_libraries_2016.3.210/linux/mkl/lib/intel64:/v/apps/intel/composer_xe_2016_update3/compilers_and_libraries_2016.3.210/linux/tbb/lib/intel64/gcc4.4:/v/apps/intel/composer_xe_2016_update3/debugger_2016/libipt/intel64/lib:/v/apps/intel/composer_xe_2016_update3/compilers_and_libraries_2016.3.210/linux/daal/lib/intel64_lin:/v/apps/intel/composer_xe_2016_update3/compilers_and_libraries_2016.3.210/linux/daal/../tbb/lib/intel64_lin/gcc4.4:/v/apps/intel/composer_xe_2016_update3/compilers_and_libraries_2016.3.210/linux/daal/../compiler/lib/intel64_lin:/v/apps/valgrind/3.12.0/lib/valgrind:/v/apps/gdb/7.12-centos7/lib64:/u/samar/Documents/git/protobuf/protbuf_install:/u/samar/Documents/git/caffe2/install/lib
#$ PATH=/v/apps/cuda/9.2.148/bin/../nvvm/bin:/v/apps/cuda/9.2.148/bin:/v/apps/cuda/9.2.148/bin:/v/apps/cmake/3.9.0/bin:/u/samar/Downloads/pycharm-community-2018.2.3/bin:/u/samar/Documents/git/camcasp-5.9/bin:/v/apps/git/2.14.1/bin:/v/apps/swig/3.0.12-centos7/bin:/v/apps/fftw/3.3.5-centos7/avx-dp:/u/samar/Documents/git/charmm/i_build:/v/apps/mpi/mvapich2/2.2-intel16.0.3/bin:/v/apps/intel/composer_xe_2016_update3/compilers_and_libraries_2016.3.210/linux/bin/intel64:/v/apps/intel/composer_xe_2016_update3/debugger_2016/gdb/intel64_mic/bin:/v/apps/anaconda/4.2.0-py3.5/bin:/v/apps/valgrind/3.12.0/bin:/v/apps/gdb/7.12-centos7/bin:/v/apps/bin:/usr/lib64/qt-3.3/bin:/u/samar/perl5/bin:/usr/bin:/usr/local/bin:/usr/local/sbin:/usr/sbin:/opt/puppetlabs/bin:/u/samar/bin
#$ INCLUDES="-I/v/apps/cuda/9.2.148/bin/..//include"  
#$ LIBRARIES=  "-L/v/apps/cuda/9.2.148/bin/..//lib64/stubs" "-L/v/apps/cuda/9.2.148/bin/..//lib64"
#$ CUDAFE_FLAGS=
#$ PTXAS_FLAGS=
#$ rm tmp/a_dlink.reg.c
#$ gcc -D__CUDA_ARCH__=300 -E -x c++  -DCUDA_DOUBLE_MATH_FUNCTIONS -D__CUDACC__ -D__NVCC__  "-I/v/apps/cuda/9.2.148/bin/..//include"   -D"__CUDACC_VER_BUILD__=148" -D"__CUDACC_VER_MINOR__=2" -D"__CUDACC_VER_MAJOR__=9" -include "cuda_runtime.h" -m64 "CMakeCUDACompilerId.cu" > "tmp/CMakeCUDACompilerId.cpp1.ii" 
#$ cicc --gnu_version=40805 --allow_managed   -arch compute_30 -m64 -ftz=0 -prec_div=1 -prec_sqrt=1 -fmad=1 --include_file_name "CMakeCUDACompilerId.fatbin.c" -tused -nvvmir-library "/v/apps/cuda/9.2.148/bin/../nvvm/libdevice/libdevice.10.bc" --gen_module_id_file --module_id_file_name "tmp/CMakeCUDACompilerId.module_id" --orig_src_file_name "CMakeCUDACompilerId.cu" --gen_c_file_name "tmp/CMakeCUDACompilerId.cudafe1.c" --stub_file_name "tmp/CMakeCUDACompilerId.cudafe1.stub.c" --gen_device_file_name "tmp/CMakeCUDACompilerId.cudafe1.gpu"  "tmp/CMakeCUDACompilerId.cpp1.ii" -o "tmp/CMakeCUDACompilerId.ptx"
#$ ptxas -arch=sm_30 -m64  "tmp/CMakeCUDACompilerId.ptx"  -o "tmp/CMakeCUDACompilerId.sm_30.cubin" 
#$ fatbinary --create="tmp/CMakeCUDACompilerId.fatbin" -64 "--image=profile=sm_30,file=tmp/CMakeCUDACompilerId.sm_30.cubin" "--image=profile=compute_30,file=tmp/CMakeCUDACompilerId.ptx" --embedded-fatbin="tmp/CMakeCUDACompilerId.fatbin.c" --cuda
#$ gcc -E -x c++ -D__CUDACC__ -D__NVCC__  "-I/v/apps/cuda/9.2.148/bin/..//include"   -D"__CUDACC_VER_BUILD__=148" -D"__CUDACC_VER_MINOR__=2" -D"__CUDACC_VER_MAJOR__=9" -include "cuda_runtime.h" -m64 "CMakeCUDACompilerId.cu" > "tmp/CMakeCUDACompilerId.cpp4.ii" 
#$ cudafe++ --gnu_version=40805 --allow_managed  --m64 --parse_templates --gen_c_file_name "tmp/CMakeCUDACompilerId.cudafe1.cpp" --stub_file_name "CMakeCUDACompilerId.cudafe1.stub.c" --module_id_file_name "tmp/CMakeCUDACompilerId.module_id" "tmp/CMakeCUDACompilerId.cpp4.ii" 
#$ gcc -D__CUDA_ARCH__=300 -c -x c++  -DCUDA_DOUBLE_MATH_FUNCTIONS "-I/v/apps/cuda/9.2.148/bin/..//include"   -m64 -o "tmp/CMakeCUDACompilerId.o" "tmp/CMakeCUDACompilerId.cudafe1.cpp" 
#$ nvlink --arch=sm_30 --register-link-binaries="tmp/a_dlink.reg.c"  -m64   "-L/v/apps/cuda/9.2.148/bin/..//lib64/stubs" "-L/v/apps/cuda/9.2.148/bin/..//lib64" -cpu-arch=X86_64 "tmp/CMakeCUDACompilerId.o"  -o "tmp/a_dlink.sm_30.cubin"
#$ fatbinary --create="tmp/a_dlink.fatbin" -64 -link "--image=profile=sm_30,file=tmp/a_dlink.sm_30.cubin" --embedded-fatbin="tmp/a_dlink.fatbin.c" 
#$ gcc -c -x c++ -DFATBINFILE="\"tmp/a_dlink.fatbin.c\"" -DREGISTERLINKBINARYFILE="\"tmp/a_dlink.reg.c\"" -I. -D__NV_EXTRA_INITIALIZATION= -D__NV_EXTRA_FINALIZATION=  "-I/v/apps/cuda/9.2.148/bin/..//include"   -D"__CUDACC_VER_BUILD__=148" -D"__CUDACC_VER_MINOR__=2" -D"__CUDACC_VER_MAJOR__=9" -m64 -o "tmp/a_dlink.o" "/v/apps/cuda/9.2.148/bin/crt/link.stub" 
#$ g++ -m64 -o "a.out" -Wl,--start-group "tmp/a_dlink.o" "tmp/CMakeCUDACompilerId.o"   "-L/v/apps/cuda/9.2.148/bin/..//lib64/stubs" "-L/v/apps/cuda/9.2.148/bin/..//lib64" -lcudadevrt  -lcudart_static  -lrt -lpthread  -ldl  -Wl,--end-group 


Compilation of the CUDA compiler identification source "CMakeCUDACompilerId.cu" produced "a.out"

The CUDA compiler identification is NVIDIA, found in "/u/samar/Documents/git/cuda/cmake-build-debug/CMakeFiles/3.9.0/CompilerIdCUDA/a.out"

Parsed CUDA nvcc implicit link information from above output:
  found 'LIBRARIES=' string: ["-L/v/apps/cuda/9.2.148/bin/..//lib64/stubs" "-L/v/apps/cuda/9.2.148/bin/..//lib64"]
  considering line: [#$ rm tmp/a_dlink.reg.c]
  considering line: [gcc -D__CUDA_ARCH__=300 -E -x c++  -DCUDA_DOUBLE_MATH_FUNCTIONS -D__CUDACC__ -D__NVCC__  "-I/v/apps/cuda/9.2.148/bin/..//include"   -D"__CUDACC_VER_BUILD__=148" -D"__CUDACC_VER_MINOR__=2" -D"__CUDACC_VER_MAJOR__=9" -include "cuda_runtime.h" -m64 "CMakeCUDACompilerId.cu" > "tmp/CMakeCUDACompilerId.cpp1.ii" ]
  considering line: [cicc --gnu_version=40805 --allow_managed   -arch compute_30 -m64 -ftz=0 -prec_div=1 -prec_sqrt=1 -fmad=1 --include_file_name "CMakeCUDACompilerId.fatbin.c" -tused -nvvmir-library "/v/apps/cuda/9.2.148/bin/../nvvm/libdevice/libdevice.10.bc" --gen_module_id_file --module_id_file_name "tmp/CMakeCUDACompilerId.module_id" --orig_src_file_name "CMakeCUDACompilerId.cu" --gen_c_file_name "tmp/CMakeCUDACompilerId.cudafe1.c" --stub_file_name "tmp/CMakeCUDACompilerId.cudafe1.stub.c" --gen_device_file_name "tmp/CMakeCUDACompilerId.cudafe1.gpu"  "tmp/CMakeCUDACompilerId.cpp1.ii" -o "tmp/CMakeCUDACompilerId.ptx"]
  considering line: [ptxas -arch=sm_30 -m64  "tmp/CMakeCUDACompilerId.ptx"  -o "tmp/CMakeCUDACompilerId.sm_30.cubin" ]
  considering line: [fatbinary --create="tmp/CMakeCUDACompilerId.fatbin" -64 "--image=profile=sm_30,file=tmp/CMakeCUDACompilerId.sm_30.cubin" "--image=profile=compute_30,file=tmp/CMakeCUDACompilerId.ptx" --embedded-fatbin="tmp/CMakeCUDACompilerId.fatbin.c" --cuda]
  considering line: [gcc -E -x c++ -D__CUDACC__ -D__NVCC__  "-I/v/apps/cuda/9.2.148/bin/..//include"   -D"__CUDACC_VER_BUILD__=148" -D"__CUDACC_VER_MINOR__=2" -D"__CUDACC_VER_MAJOR__=9" -include "cuda_runtime.h" -m64 "CMakeCUDACompilerId.cu" > "tmp/CMakeCUDACompilerId.cpp4.ii" ]
  considering line: [cudafe++ --gnu_version=40805 --allow_managed  --m64 --parse_templates --gen_c_file_name "tmp/CMakeCUDACompilerId.cudafe1.cpp" --stub_file_name "CMakeCUDACompilerId.cudafe1.stub.c" --module_id_file_name "tmp/CMakeCUDACompilerId.module_id" "tmp/CMakeCUDACompilerId.cpp4.ii" ]
  considering line: [gcc -D__CUDA_ARCH__=300 -c -x c++  -DCUDA_DOUBLE_MATH_FUNCTIONS "-I/v/apps/cuda/9.2.148/bin/..//include"   -m64 -o "tmp/CMakeCUDACompilerId.o" "tmp/CMakeCUDACompilerId.cudafe1.cpp" ]
  considering line: [nvlink --arch=sm_30 --register-link-binaries="tmp/a_dlink.reg.c"  -m64   "-L/v/apps/cuda/9.2.148/bin/..//lib64/stubs" "-L/v/apps/cuda/9.2.148/bin/..//lib64" -cpu-arch=X86_64 "tmp/CMakeCUDACompilerId.o"  -o "tmp/a_dlink.sm_30.cubin"]
    ignoring nvlink line
  considering line: [fatbinary --create="tmp/a_dlink.fatbin" -64 -link "--image=profile=sm_30,file=tmp/a_dlink.sm_30.cubin" --embedded-fatbin="tmp/a_dlink.fatbin.c" ]
  considering line: [gcc -c -x c++ -DFATBINFILE="\"tmp/a_dlink.fatbin.c\"" -DREGISTERLINKBINARYFILE="\"tmp/a_dlink.reg.c\"" -I. -D__NV_EXTRA_INITIALIZATION= -D__NV_EXTRA_FINALIZATION=  "-I/v/apps/cuda/9.2.148/bin/..//include"   -D"__CUDACC_VER_BUILD__=148" -D"__CUDACC_VER_MINOR__=2" -D"__CUDACC_VER_MAJOR__=9" -m64 -o "tmp/a_dlink.o" "/v/apps/cuda/9.2.148/bin/crt/link.stub" ]
  considering line: [g++ -m64 -o "a.out" -Wl,--start-group "tmp/a_dlink.o" "tmp/CMakeCUDACompilerId.o"   "-L/v/apps/cuda/9.2.148/bin/..//lib64/stubs" "-L/v/apps/cuda/9.2.148/bin/..//lib64" -lcudadevrt  -lcudart_static  -lrt -lpthread  -ldl  -Wl,--end-group ]
    extracted link line: [g++ -m64 -o "a.out" -Wl,--start-group "tmp/a_dlink.o" "tmp/CMakeCUDACompilerId.o"   "-L/v/apps/cuda/9.2.148/bin/..//lib64/stubs" "-L/v/apps/cuda/9.2.148/bin/..//lib64" -lcudadevrt  -lcudart_static  -lrt -lpthread  -ldl  -Wl,--end-group ]
  considering line: []

  link line regex: [^( *|.*[/\])(ld|CMAKE_LINK_STARTFILE-NOTFOUND|([^/\]+-)?ld|collect2)[^/\]*( |$)]
  link line: [cuda-fake-ld g++ -m64 -o "a.out" -Wl,--start-group "tmp/a_dlink.o" "tmp/CMakeCUDACompilerId.o"   "-L/v/apps/cuda/9.2.148/bin/..//lib64/stubs" "-L/v/apps/cuda/9.2.148/bin/..//lib64" -lcudadevrt  -lcudart_static  -lrt -lpthread  -ldl  -Wl,--end-group ]
    arg [cuda-fake-ld] ==> ignore
    arg [g++] ==> ignore
    arg [-m64] ==> ignore
    arg [-o] ==> ignore
    arg [a.out] ==> ignore
    arg [-Wl,--start-group] ==> ignore
    arg [tmp/a_dlink.o] ==> ignore
    arg [tmp/CMakeCUDACompilerId.o] ==> ignore
    arg [-L/v/apps/cuda/9.2.148/bin/..//lib64/stubs] ==> dir [/v/apps/cuda/9.2.148/bin/..//lib64/stubs]
    arg [-L/v/apps/cuda/9.2.148/bin/..//lib64] ==> dir [/v/apps/cuda/9.2.148/bin/..//lib64]
    arg [-lcudadevrt] ==> lib [cudadevrt]
    arg [-lcudart_static] ==> lib [cudart_static]
    arg [-lrt] ==> lib [rt]
    arg [-lpthread] ==> lib [pthread]
    arg [-ldl] ==> lib [dl]
    arg [-Wl,--end-group] ==> ignore
  collapse library dir [/v/apps/cuda/9.2.148/bin/..//lib64/stubs] ==> [/v/apps/cuda/9.2.148/lib64/stubs]
  collapse library dir [/v/apps/cuda/9.2.148/bin/..//lib64] ==> [/v/apps/cuda/9.2.148/lib64]
  implicit libs: [cudadevrt;cudart_static;rt;pthread;dl]
  implicit dirs: [/v/apps/cuda/9.2.148/lib64/stubs;/v/apps/cuda/9.2.148/lib64]
  implicit fwks: []


Parsed CUDA nvcc include information from above output:
  found 'LIBRARIES=' string: ["-L/v/apps/cuda/9.2.148/bin/..//lib64/stubs" "-L/v/apps/cuda/9.2.148/bin/..//lib64"]
  considering line: [#$ rm tmp/a_dlink.reg.c]
  considering line: [gcc -D__CUDA_ARCH__=300 -E -x c++  -DCUDA_DOUBLE_MATH_FUNCTIONS -D__CUDACC__ -D__NVCC__  "-I/v/apps/cuda/9.2.148/bin/..//include"   -D"__CUDACC_VER_BUILD__=148" -D"__CUDACC_VER_MINOR__=2" -D"__CUDACC_VER_MAJOR__=9" -include "cuda_runtime.h" -m64 "CMakeCUDACompilerId.cu" > "tmp/CMakeCUDACompilerId.cpp1.ii" ]
  considering line: [cicc --gnu_version=40805 --allow_managed   -arch compute_30 -m64 -ftz=0 -prec_div=1 -prec_sqrt=1 -fmad=1 --include_file_name "CMakeCUDACompilerId.fatbin.c" -tused -nvvmir-library "/v/apps/cuda/9.2.148/bin/../nvvm/libdevice/libdevice.10.bc" --gen_module_id_file --module_id_file_name "tmp/CMakeCUDACompilerId.module_id" --orig_src_file_name "CMakeCUDACompilerId.cu" --gen_c_file_name "tmp/CMakeCUDACompilerId.cudafe1.c" --stub_file_name "tmp/CMakeCUDACompilerId.cudafe1.stub.c" --gen_device_file_name "tmp/CMakeCUDACompilerId.cudafe1.gpu"  "tmp/CMakeCUDACompilerId.cpp1.ii" -o "tmp/CMakeCUDACompilerId.ptx"]
  considering line: [ptxas -arch=sm_30 -m64  "tmp/CMakeCUDACompilerId.ptx"  -o "tmp/CMakeCUDACompilerId.sm_30.cubin" ]
  considering line: [fatbinary --create="tmp/CMakeCUDACompilerId.fatbin" -64 "--image=profile=sm_30,file=tmp/CMakeCUDACompilerId.sm_30.cubin" "--image=profile=compute_30,file=tmp/CMakeCUDACompilerId.ptx" --embedded-fatbin="tmp/CMakeCUDACompilerId.fatbin.c" --cuda]
  considering line: [gcc -E -x c++ -D__CUDACC__ -D__NVCC__  "-I/v/apps/cuda/9.2.148/bin/..//include"   -D"__CUDACC_VER_BUILD__=148" -D"__CUDACC_VER_MINOR__=2" -D"__CUDACC_VER_MAJOR__=9" -include "cuda_runtime.h" -m64 "CMakeCUDACompilerId.cu" > "tmp/CMakeCUDACompilerId.cpp4.ii" ]
  considering line: [cudafe++ --gnu_version=40805 --allow_managed  --m64 --parse_templates --gen_c_file_name "tmp/CMakeCUDACompilerId.cudafe1.cpp" --stub_file_name "CMakeCUDACompilerId.cudafe1.stub.c" --module_id_file_name "tmp/CMakeCUDACompilerId.module_id" "tmp/CMakeCUDACompilerId.cpp4.ii" ]
  considering line: [gcc -D__CUDA_ARCH__=300 -c -x c++  -DCUDA_DOUBLE_MATH_FUNCTIONS "-I/v/apps/cuda/9.2.148/bin/..//include"   -m64 -o "tmp/CMakeCUDACompilerId.o" "tmp/CMakeCUDACompilerId.cudafe1.cpp" ]
  considering line: [nvlink --arch=sm_30 --register-link-binaries="tmp/a_dlink.reg.c"  -m64   "-L/v/apps/cuda/9.2.148/bin/..//lib64/stubs" "-L/v/apps/cuda/9.2.148/bin/..//lib64" -cpu-arch=X86_64 "tmp/CMakeCUDACompilerId.o"  -o "tmp/a_dlink.sm_30.cubin"]
    ignoring nvlink line
  considering line: [fatbinary --create="tmp/a_dlink.fatbin" -64 -link "--image=profile=sm_30,file=tmp/a_dlink.sm_30.cubin" --embedded-fatbin="tmp/a_dlink.fatbin.c" ]
  considering line: [gcc -c -x c++ -DFATBINFILE="\"tmp/a_dlink.fatbin.c\"" -DREGISTERLINKBINARYFILE="\"tmp/a_dlink.reg.c\"" -I. -D__NV_EXTRA_INITIALIZATION= -D__NV_EXTRA_FINALIZATION=  "-I/v/apps/cuda/9.2.148/bin/..//include"   -D"__CUDACC_VER_BUILD__=148" -D"__CUDACC_VER_MINOR__=2" -D"__CUDACC_VER_MAJOR__=9" -m64 -o "tmp/a_dlink.o" "/v/apps/cuda/9.2.148/bin/crt/link.stub" ]
  considering line: [g++ -m64 -o "a.out" -Wl,--start-group "tmp/a_dlink.o" "tmp/CMakeCUDACompilerId.o"   "-L/v/apps/cuda/9.2.148/bin/..//lib64/stubs" "-L/v/apps/cuda/9.2.148/bin/..//lib64" -lcudadevrt  -lcudart_static  -lrt -lpthread  -ldl  -Wl,--end-group ]
    extracted link line: [g++ -m64 -o "a.out" -Wl,--start-group "tmp/a_dlink.o" "tmp/CMakeCUDACompilerId.o"   "-L/v/apps/cuda/9.2.148/bin/..//lib64/stubs" "-L/v/apps/cuda/9.2.148/bin/..//lib64" -lcudadevrt  -lcudart_static  -lrt -lpthread  -ldl  -Wl,--end-group ]
  considering line: []
  found 'INCLUDES=' string: ["-I/v/apps/cuda/9.2.148/bin/..//include"  ]

  link line regex: [^( *|.*[/\])(ld|CMAKE_LINK_STARTFILE-NOTFOUND|([^/\]+-)?ld|collect2)[^/\]*( |$)]
  link line: [cuda-fake-ld g++ -m64 -o "a.out" -Wl,--start-group "tmp/a_dlink.o" "tmp/CMakeCUDACompilerId.o"   "-L/v/apps/cuda/9.2.148/bin/..//lib64/stubs" "-L/v/apps/cuda/9.2.148/bin/..//lib64" -lcudadevrt  -lcudart_static  -lrt -lpthread  -ldl  -Wl,--end-group ]
    arg [cuda-fake-ld] ==> ignore
    arg [g++] ==> ignore
    arg [-m64] ==> ignore
    arg [-o] ==> ignore
    arg [a.out] ==> ignore
    arg [-Wl,--start-group] ==> ignore
    arg [tmp/a_dlink.o] ==> ignore
    arg [tmp/CMakeCUDACompilerId.o] ==> ignore
    arg [-L/v/apps/cuda/9.2.148/bin/..//lib64/stubs] ==> dir [/v/apps/cuda/9.2.148/bin/..//lib64/stubs]
    arg [-L/v/apps/cuda/9.2.148/bin/..//lib64] ==> dir [/v/apps/cuda/9.2.148/bin/..//lib64]
    arg [-lcudadevrt] ==> lib [cudadevrt]
    arg [-lcudart_static] ==> lib [cudart_static]
    arg [-lrt] ==> lib [rt]
    arg [-lpthread] ==> lib [pthread]
    arg [-ldl] ==> lib [dl]
    arg [-Wl,--end-group] ==> ignore
  collapse library dir [/v/apps/cuda/9.2.148/bin/..//lib64/stubs] ==> [/v/apps/cuda/9.2.148/lib64/stubs]
  collapse library dir [/v/apps/cuda/9.2.148/bin/..//lib64] ==> [/v/apps/cuda/9.2.148/lib64]
  implicit libs: [cudadevrt;cudart_static;rt;pthread;dl]
  implicit dirs: [/v/apps/cuda/9.2.148/lib64/stubs;/v/apps/cuda/9.2.148/lib64]
  implicit fwks: []


Determining if the CXX compiler works passed with the following output:
Change Dir: /u/samar/Documents/git/cuda/cmake-build-debug/CMakeFiles/CMakeTmp

Run Build Command:"/usr/bin/gmake" "cmTC_992c8/fast"
/usr/bin/gmake -f CMakeFiles/cmTC_992c8.dir/build.make CMakeFiles/cmTC_992c8.dir/build
gmake[1]: Entering directory `/u/samar/Documents/git/cuda/cmake-build-debug/CMakeFiles/CMakeTmp'
Building CXX object CMakeFiles/cmTC_992c8.dir/testCXXCompiler.cxx.o
/v/apps/intel/composer_xe_2016_update3/compilers_and_libraries_2016.3.210/linux/bin/intel64/icpc     -o CMakeFiles/cmTC_992c8.dir/testCXXCompiler.cxx.o -c /u/samar/Documents/git/cuda/cmake-build-debug/CMakeFiles/CMakeTmp/testCXXCompiler.cxx
Linking CXX executable cmTC_992c8
/v/apps/cmake/3.9.0/bin/cmake -E cmake_link_script CMakeFiles/cmTC_992c8.dir/link.txt --verbose=1
/v/apps/intel/composer_xe_2016_update3/compilers_and_libraries_2016.3.210/linux/bin/intel64/icpc       CMakeFiles/cmTC_992c8.dir/testCXXCompiler.cxx.o  -o cmTC_992c8 
gmake[1]: Leaving directory `/u/samar/Documents/git/cuda/cmake-build-debug/CMakeFiles/CMakeTmp'


Detecting CXX compiler ABI info compiled with the following output:
Change Dir: /u/samar/Documents/git/cuda/cmake-build-debug/CMakeFiles/CMakeTmp

Run Build Command:"/usr/bin/gmake" "cmTC_66e7f/fast"
/usr/bin/gmake -f CMakeFiles/cmTC_66e7f.dir/build.make CMakeFiles/cmTC_66e7f.dir/build
gmake[1]: Entering directory `/u/samar/Documents/git/cuda/cmake-build-debug/CMakeFiles/CMakeTmp'
Building CXX object CMakeFiles/cmTC_66e7f.dir/CMakeCXXCompilerABI.cpp.o
/v/apps/intel/composer_xe_2016_update3/compilers_and_libraries_2016.3.210/linux/bin/intel64/icpc     -o CMakeFiles/cmTC_66e7f.dir/CMakeCXXCompilerABI.cpp.o -c /v/apps/cmake/3.9.0/share/cmake-3.9/Modules/CMakeCXXCompilerABI.cpp
Linking CXX executable cmTC_66e7f
/v/apps/cmake/3.9.0/bin/cmake -E cmake_link_script CMakeFiles/cmTC_66e7f.dir/link.txt --verbose=1
/v/apps/intel/composer_xe_2016_update3/compilers_and_libraries_2016.3.210/linux/bin/intel64/icpc      -v CMakeFiles/cmTC_66e7f.dir/CMakeCXXCompilerABI.cpp.o  -o cmTC_66e7f 
icpc version 16.0.3 (gcc version 4.8.5 compatibility)
/v/apps/intel/composer_xe_2016_update3/compilers_and_libraries_2016.3.210/linux/bin/intel64/mcpcom    -mGLOB_em64t=TRUE -mP1OPT_version=16.0-intel64 -mGLOB_diag_file=CMakeFiles/cmTC_66e7f.dir/CMakeCXXCompilerABI.cpp.diag -mP1OPT_print_version=FALSE -mCG_use_gas_got_workaround=F -mP2OPT_align_option_used=TRUE -mGLOB_gcc_version=485 "-mGLOB_options_string=-v -o cmTC_66e7f" -mGLOB_cxx_limited_range=FALSE -mCG_extend_parms=FALSE -mGLOB_compiler_bin_directory=/v/apps/intel/composer_xe_2016_update3/compilers_and_libraries_2016.3.210/linux/bin/intel64 -mGLOB_as_output_backup_file_name=/tmp/icpc0XrFlnas_.s -mGLOB_dashboard_use_source_name -mIPOPT_activate -mGLOB_product_id_code=0x22006d8e -mP3OPT_use_mspp_call_convention -mP2OPT_subs_out_of_bound=FALSE -mP2OPT_disam_type_based_disam=2 -mP2OPT_disam_assume_ansi_c -mP2OPT_checked_disam_ansi_alias=TRUE -mGLOB_ansi_alias -mPGOPTI_value_profile_use=T -mGLOB_opt_report_use_source_name -mP2OPT_il0_array_sections=TRUE -mGLOB_offload_mode=1 -mP2OPT_offload_unique_var_string=icpc0101855451304g5nXI -mP2OPT_hlo -mP2OPT_hpo_rtt_control=0 -mIPOPT_args_in_regs=0 -mP2OPT_disam_assume_nonstd_intent_in=FALSE -mGLOB_imf_mapping_library=/v/apps/intel/composer_xe_2016_update3/compilers_and_libraries_2016.3.210/linux/bin/intel64/libiml_attr.so -mPGOPTI_gen_threadsafe_level=0 -mIPOPT_link -mIPOPT_ipo_activate -mIPOPT_mo_activate -mIPOPT_source_files_list=/tmp/icpcslisENaicR -mIPOPT_mo_global_data -mIPOPT_link_script_file=/tmp/icpcscriptJpWWzm "-mIPOPT_cmdline_link="/usr/lib/gcc/x86_64-redhat-linux/4.8.5/../../../../lib64/crt1.o" "/usr/lib/gcc/x86_64-redhat-linux/4.8.5/../../../../lib64/crti.o" "/usr/lib/gcc/x86_64-redhat-linux/4.8.5/crtbegin.o" "--eh-frame-hdr" "--build-id" "-dynamic-linker" "/lib64/ld-linux-x86-64.so.2" "-m" "elf_x86_64" "-o" "cmTC_66e7f" "-L/v/apps/intel/composer_xe_2016_update3/compilers_and_libraries_2016.3.210/linux/ipp/lib/intel64" "-L/v/apps/intel/composer_xe_2016_update3/compilers_and_libraries_2016.3.210/linux/compiler/lib/intel64" "-L/v/apps/intel/composer_xe_2016_update3/compilers_and_libraries_2016.3.210/linux/mkl/lib/intel64" "-L/v/apps/intel/composer_xe_2016_update3/compilers_and_libraries_2016.3.210/linux/tbb/lib/intel64/gcc4.4" "-L/v/apps/intel/composer_xe_2016_update3/compilers_and_libraries_2016.3.210/linux/daal/lib/intel64_lin" "-L/v/apps/intel/composer_xe_2016_update3/compilers_and_libraries_2016.3.210/linux/daal/../tbb/lib/intel64_lin/gcc4.4" "-L/v/apps/intel/composer_xe_2016_update3/compilers_and_libraries_2016.3.210/linux/daal/../compiler/lib/intel64_lin" "-L/u/samar/Documents/git/caffe2/install/lib" "-L/u/samar/Documents/git/caffe2/install/lib" "-L/v/apps/intel/composer_xe_2016_update3/compilers_and_libraries_2016.3.210/linux/compiler/lib/intel64_lin" "-L/usr/lib/gcc/x86_64-redhat-linux/4.8.5/" "-L/usr/lib/gcc/x86_64-redhat-linux/4.8.5/../../../../lib64" "-L/usr/lib/gcc/x86_64-redhat-linux/4.8.5/../../../../lib64/" "-L/lib/../lib64" "-L/lib/../lib64/" "-L/usr/lib/../lib64" "-L/usr/lib/../lib64/" "-L/v/apps/intel/composer_xe_2016_update3/compilers_and_libraries_2016.3.210/linux/ipp/lib/intel64/" "-L/v/apps/intel/composer_xe_2016_update3/compilers_and_libraries_2016.3.210/linux/compiler/lib/intel64/" "-L/v/apps/intel/composer_xe_2016_update3/compilers_and_libraries_2016.3.210/linux/mkl/lib/intel64/" "-L/v/apps/intel/composer_xe_2016_update3/compilers_and_libraries_2016.3.210/linux/tbb/lib/intel64/gcc4.4/" "-L/v/apps/intel/composer_xe_2016_update3/compilers_and_libraries_2016.3.210/linux/daal/lib/intel64_lin/" "-L/v/apps/intel/composer_xe_2016_update3/compilers_and_libraries_2016.3.210/linux/daal/../tbb/lib/intel64_lin/gcc4.4/" "-L/v/apps/intel/composer_xe_2016_update3/compilers_and_libraries_2016.3.210/linux/daal/../compiler/lib/intel64_lin/" "-L/u/samar/Documents/git/caffe2/install/lib/" "-L/usr/lib/gcc/x86_64-redhat-linux/4.8.5/../../../" "-L/lib64" "-L/lib/" "-L/usr/lib64" "-L/usr/lib" "CMakeFiles/cmTC_66e7f.dir/CMakeCXXCompilerABI.cpp.o" "-Bdynamic" "-Bstatic" "-limf" "-lsvml" "-lirng" "-Bdynamic" "-lstdc++" "-lm" "-Bstatic" "-lipgo" "-ldecimal" "--as-needed" "-Bdynamic" "-lcilkrts" "--no-as-needed" "-lstdc++" "-lgcc" "-lgcc_s" "-Bstatic" "-lirc" "-lsvml" "-Bdynamic" "-lc" "-lgcc" "-lgcc_s" "-Bstatic" "-lirc_s" "-Bdynamic" "-ldl" "-lc" "/usr/lib/gcc/x86_64-redhat-linux/4.8.5/crtend.o" "/usr/lib/gcc/x86_64-redhat-linux/4.8.5/../../../../lib64/crtn.o"" -mIPOPT_il_in_obj -mIPOPT_ipo_activate_warn=FALSE -mIPOPT_obj_output_file_name=/tmp/ipo_icpc2b1mUO.o -mIPOPT_whole_archive_fixup_file_name=/tmp/icpcwarch1v6bpr -mGLOB_linker_version=2.25.1 -mGLOB_long_size_64 -mGLOB_routine_pointer_size_64 -mGLOB_driver_tempfile_name=/tmp/icpctempfile54NuPW -mP3OPT_asm_target=P3OPT_ASM_TARGET_GAS -mGLOB_async_unwind_tables=TRUE -mGLOB_obj_output_file=/tmp/ipo_icpc2b1mUO.o -mGLOB_source_dialect=GLOB_SOURCE_DIALECT_NONE -mP1OPT_source_file_name=ipo_out.c CMakeFiles/cmTC_66e7f.dir/CMakeCXXCompilerABI.cpp.o -mIPOPT_object_files=T -mIPOPT_assembly_files=/tmp/icpcaliskDvFFP -mIPOPT_generated_tempfiles=/tmp/icpcelisUY4j3k -mIPOPT_embedded_object_base_name=/tmp/icpceobjyhxYqQ -mIPOPT_cmdline_link_new_name=/tmp/icpcllisQzqDOl
ld    /usr/lib/gcc/x86_64-redhat-linux/4.8.5/../../../../lib64/crt1.o /usr/lib/gcc/x86_64-redhat-linux/4.8.5/../../../../lib64/crti.o /usr/lib/gcc/x86_64-redhat-linux/4.8.5/crtbegin.o --eh-frame-hdr --build-id -dynamic-linker /lib64/ld-linux-x86-64.so.2 -m elf_x86_64 -o cmTC_66e7f -L/v/apps/intel/composer_xe_2016_update3/compilers_and_libraries_2016.3.210/linux/ipp/lib/intel64 -L/v/apps/intel/composer_xe_2016_update3/compilers_and_libraries_2016.3.210/linux/compiler/lib/intel64 -L/v/apps/intel/composer_xe_2016_update3/compilers_and_libraries_2016.3.210/linux/mkl/lib/intel64 -L/v/apps/intel/composer_xe_2016_update3/compilers_and_libraries_2016.3.210/linux/tbb/lib/intel64/gcc4.4 -L/v/apps/intel/composer_xe_2016_update3/compilers_and_libraries_2016.3.210/linux/daal/lib/intel64_lin -L/v/apps/intel/composer_xe_2016_update3/compilers_and_libraries_2016.3.210/linux/daal/../tbb/lib/intel64_lin/gcc4.4 -L/v/apps/intel/composer_xe_2016_update3/compilers_and_libraries_2016.3.210/linux/daal/../compiler/lib/intel64_lin -L/u/samar/Documents/git/caffe2/install/lib -L/u/samar/Documents/git/caffe2/install/lib -L/v/apps/intel/composer_xe_2016_update3/compilers_and_libraries_2016.3.210/linux/compiler/lib/intel64_lin -L/usr/lib/gcc/x86_64-redhat-linux/4.8.5/ -L/usr/lib/gcc/x86_64-redhat-linux/4.8.5/../../../../lib64 -L/usr/lib/gcc/x86_64-redhat-linux/4.8.5/../../../../lib64/ -L/lib/../lib64 -L/lib/../lib64/ -L/usr/lib/../lib64 -L/usr/lib/../lib64/ -L/v/apps/intel/composer_xe_2016_update3/compilers_and_libraries_2016.3.210/linux/ipp/lib/intel64/ -L/v/apps/intel/composer_xe_2016_update3/compilers_and_libraries_2016.3.210/linux/compiler/lib/intel64/ -L/v/apps/intel/composer_xe_2016_update3/compilers_and_libraries_2016.3.210/linux/mkl/lib/intel64/ -L/v/apps/intel/composer_xe_2016_update3/compilers_and_libraries_2016.3.210/linux/tbb/lib/intel64/gcc4.4/ -L/v/apps/intel/composer_xe_2016_update3/compilers_and_libraries_2016.3.210/linux/daal/lib/intel64_lin/ -L/v/apps/intel/composer_xe_2016_update3/compilers_and_libraries_2016.3.210/linux/daal/../tbb/lib/intel64_lin/gcc4.4/ -L/v/apps/intel/composer_xe_2016_update3/compilers_and_libraries_2016.3.210/linux/daal/../compiler/lib/intel64_lin/ -L/u/samar/Documents/git/caffe2/install/lib/ -L/usr/lib/gcc/x86_64-redhat-linux/4.8.5/../../../ -L/lib64 -L/lib/ -L/usr/lib64 -L/usr/lib CMakeFiles/cmTC_66e7f.dir/CMakeCXXCompilerABI.cpp.o -Bdynamic -Bstatic -limf -lsvml -lirng -Bdynamic -lstdc++ -lm -Bstatic -lipgo -ldecimal --as-needed -Bdynamic -lcilkrts --no-as-needed -lstdc++ -lgcc -lgcc_s -Bstatic -lirc -lsvml -Bdynamic -lc -lgcc -lgcc_s -Bstatic -lirc_s -Bdynamic -ldl -lc /usr/lib/gcc/x86_64-redhat-linux/4.8.5/crtend.o /usr/lib/gcc/x86_64-redhat-linux/4.8.5/../../../../lib64/crtn.o
gmake[1]: Leaving directory `/u/samar/Documents/git/cuda/cmake-build-debug/CMakeFiles/CMakeTmp'


Parsed CXX implicit link information from above output:
  link line regex: [^( *|.*[/\])(ld|CMAKE_LINK_STARTFILE-NOTFOUND|([^/\]+-)?ld|collect2)[^/\]*( |$)]
  ignore line: [Change Dir: /u/samar/Documents/git/cuda/cmake-build-debug/CMakeFiles/CMakeTmp]
  ignore line: []
  ignore line: [Run Build Command:"/usr/bin/gmake" "cmTC_66e7f/fast"]
  ignore line: [/usr/bin/gmake -f CMakeFiles/cmTC_66e7f.dir/build.make CMakeFiles/cmTC_66e7f.dir/build]
  ignore line: [gmake[1]: Entering directory `/u/samar/Documents/git/cuda/cmake-build-debug/CMakeFiles/CMakeTmp']
  ignore line: [Building CXX object CMakeFiles/cmTC_66e7f.dir/CMakeCXXCompilerABI.cpp.o]
  ignore line: [/v/apps/intel/composer_xe_2016_update3/compilers_and_libraries_2016.3.210/linux/bin/intel64/icpc     -o CMakeFiles/cmTC_66e7f.dir/CMakeCXXCompilerABI.cpp.o -c /v/apps/cmake/3.9.0/share/cmake-3.9/Modules/CMakeCXXCompilerABI.cpp]
  ignore line: [Linking CXX executable cmTC_66e7f]
  ignore line: [/v/apps/cmake/3.9.0/bin/cmake -E cmake_link_script CMakeFiles/cmTC_66e7f.dir/link.txt --verbose=1]
  ignore line: [/v/apps/intel/composer_xe_2016_update3/compilers_and_libraries_2016.3.210/linux/bin/intel64/icpc      -v CMakeFiles/cmTC_66e7f.dir/CMakeCXXCompilerABI.cpp.o  -o cmTC_66e7f ]
  ignore line: [icpc version 16.0.3 (gcc version 4.8.5 compatibility)]
  ignore line: [/v/apps/intel/composer_xe_2016_update3/compilers_and_libraries_2016.3.210/linux/bin/intel64/mcpcom    -mGLOB_em64t=TRUE -mP1OPT_version=16.0-intel64 -mGLOB_diag_file=CMakeFiles/cmTC_66e7f.dir/CMakeCXXCompilerABI.cpp.diag -mP1OPT_print_version=FALSE -mCG_use_gas_got_workaround=F -mP2OPT_align_option_used=TRUE -mGLOB_gcc_version=485 "-mGLOB_options_string=-v -o cmTC_66e7f" -mGLOB_cxx_limited_range=FALSE -mCG_extend_parms=FALSE -mGLOB_compiler_bin_directory=/v/apps/intel/composer_xe_2016_update3/compilers_and_libraries_2016.3.210/linux/bin/intel64 -mGLOB_as_output_backup_file_name=/tmp/icpc0XrFlnas_.s -mGLOB_dashboard_use_source_name -mIPOPT_activate -mGLOB_product_id_code=0x22006d8e -mP3OPT_use_mspp_call_convention -mP2OPT_subs_out_of_bound=FALSE -mP2OPT_disam_type_based_disam=2 -mP2OPT_disam_assume_ansi_c -mP2OPT_checked_disam_ansi_alias=TRUE -mGLOB_ansi_alias -mPGOPTI_value_profile_use=T -mGLOB_opt_report_use_source_name -mP2OPT_il0_array_sections=TRUE -mGLOB_offload_mode=1 -mP2OPT_offload_unique_var_string=icpc0101855451304g5nXI -mP2OPT_hlo -mP2OPT_hpo_rtt_control=0 -mIPOPT_args_in_regs=0 -mP2OPT_disam_assume_nonstd_intent_in=FALSE -mGLOB_imf_mapping_library=/v/apps/intel/composer_xe_2016_update3/compilers_and_libraries_2016.3.210/linux/bin/intel64/libiml_attr.so -mPGOPTI_gen_threadsafe_level=0 -mIPOPT_link -mIPOPT_ipo_activate -mIPOPT_mo_activate -mIPOPT_source_files_list=/tmp/icpcslisENaicR -mIPOPT_mo_global_data -mIPOPT_link_script_file=/tmp/icpcscriptJpWWzm "-mIPOPT_cmdline_link="/usr/lib/gcc/x86_64-redhat-linux/4.8.5/../../../../lib64/crt1.o" "/usr/lib/gcc/x86_64-redhat-linux/4.8.5/../../../../lib64/crti.o" "/usr/lib/gcc/x86_64-redhat-linux/4.8.5/crtbegin.o" "--eh-frame-hdr" "--build-id" "-dynamic-linker" "/lib64/ld-linux-x86-64.so.2" "-m" "elf_x86_64" "-o" "cmTC_66e7f" "-L/v/apps/intel/composer_xe_2016_update3/compilers_and_libraries_2016.3.210/linux/ipp/lib/intel64" "-L/v/apps/intel/composer_xe_2016_update3/compilers_and_libraries_2016.3.210/linux/compiler/lib/intel64" "-L/v/apps/intel/composer_xe_2016_update3/compilers_and_libraries_2016.3.210/linux/mkl/lib/intel64" "-L/v/apps/intel/composer_xe_2016_update3/compilers_and_libraries_2016.3.210/linux/tbb/lib/intel64/gcc4.4" "-L/v/apps/intel/composer_xe_2016_update3/compilers_and_libraries_2016.3.210/linux/daal/lib/intel64_lin" "-L/v/apps/intel/composer_xe_2016_update3/compilers_and_libraries_2016.3.210/linux/daal/../tbb/lib/intel64_lin/gcc4.4" "-L/v/apps/intel/composer_xe_2016_update3/compilers_and_libraries_2016.3.210/linux/daal/../compiler/lib/intel64_lin" "-L/u/samar/Documents/git/caffe2/install/lib" "-L/u/samar/Documents/git/caffe2/install/lib" "-L/v/apps/intel/composer_xe_2016_update3/compilers_and_libraries_2016.3.210/linux/compiler/lib/intel64_lin" "-L/usr/lib/gcc/x86_64-redhat-linux/4.8.5/" "-L/usr/lib/gcc/x86_64-redhat-linux/4.8.5/../../../../lib64" "-L/usr/lib/gcc/x86_64-redhat-linux/4.8.5/../../../../lib64/" "-L/lib/../lib64" "-L/lib/../lib64/" "-L/usr/lib/../lib64" "-L/usr/lib/../lib64/" "-L/v/apps/intel/composer_xe_2016_update3/compilers_and_libraries_2016.3.210/linux/ipp/lib/intel64/" "-L/v/apps/intel/composer_xe_2016_update3/compilers_and_libraries_2016.3.210/linux/compiler/lib/intel64/" "-L/v/apps/intel/composer_xe_2016_update3/compilers_and_libraries_2016.3.210/linux/mkl/lib/intel64/" "-L/v/apps/intel/composer_xe_2016_update3/compilers_and_libraries_2016.3.210/linux/tbb/lib/intel64/gcc4.4/" "-L/v/apps/intel/composer_xe_2016_update3/compilers_and_libraries_2016.3.210/linux/daal/lib/intel64_lin/" "-L/v/apps/intel/composer_xe_2016_update3/compilers_and_libraries_2016.3.210/linux/daal/../tbb/lib/intel64_lin/gcc4.4/" "-L/v/apps/intel/composer_xe_2016_update3/compilers_and_libraries_2016.3.210/linux/daal/../compiler/lib/intel64_lin/" "-L/u/samar/Documents/git/caffe2/install/lib/" "-L/usr/lib/gcc/x86_64-redhat-linux/4.8.5/../../../" "-L/lib64" "-L/lib/" "-L/usr/lib64" "-L/usr/lib" "CMakeFiles/cmTC_66e7f.dir/CMakeCXXCompilerABI.cpp.o" "-Bdynamic" "-Bstatic" "-limf" "-lsvml" "-lirng" "-Bdynamic" "-lstdc++" "-lm" "-Bstatic" "-lipgo" "-ldecimal" "--as-needed" "-Bdynamic" "-lcilkrts" "--no-as-needed" "-lstdc++" "-lgcc" "-lgcc_s" "-Bstatic" "-lirc" "-lsvml" "-Bdynamic" "-lc" "-lgcc" "-lgcc_s" "-Bstatic" "-lirc_s" "-Bdynamic" "-ldl" "-lc" "/usr/lib/gcc/x86_64-redhat-linux/4.8.5/crtend.o" "/usr/lib/gcc/x86_64-redhat-linux/4.8.5/../../../../lib64/crtn.o"" -mIPOPT_il_in_obj -mIPOPT_ipo_activate_warn=FALSE -mIPOPT_obj_output_file_name=/tmp/ipo_icpc2b1mUO.o -mIPOPT_whole_archive_fixup_file_name=/tmp/icpcwarch1v6bpr -mGLOB_linker_version=2.25.1 -mGLOB_long_size_64 -mGLOB_routine_pointer_size_64 -mGLOB_driver_tempfile_name=/tmp/icpctempfile54NuPW -mP3OPT_asm_target=P3OPT_ASM_TARGET_GAS -mGLOB_async_unwind_tables=TRUE -mGLOB_obj_output_file=/tmp/ipo_icpc2b1mUO.o -mGLOB_source_dialect=GLOB_SOURCE_DIALECT_NONE -mP1OPT_source_file_name=ipo_out.c CMakeFiles/cmTC_66e7f.dir/CMakeCXXCompilerABI.cpp.o -mIPOPT_object_files=T -mIPOPT_assembly_files=/tmp/icpcaliskDvFFP -mIPOPT_generated_tempfiles=/tmp/icpcelisUY4j3k -mIPOPT_embedded_object_base_name=/tmp/icpceobjyhxYqQ -mIPOPT_cmdline_link_new_name=/tmp/icpcllisQzqDOl]
  link line: [ld    /usr/lib/gcc/x86_64-redhat-linux/4.8.5/../../../../lib64/crt1.o /usr/lib/gcc/x86_64-redhat-linux/4.8.5/../../../../lib64/crti.o /usr/lib/gcc/x86_64-redhat-linux/4.8.5/crtbegin.o --eh-frame-hdr --build-id -dynamic-linker /lib64/ld-linux-x86-64.so.2 -m elf_x86_64 -o cmTC_66e7f -L/v/apps/intel/composer_xe_2016_update3/compilers_and_libraries_2016.3.210/linux/ipp/lib/intel64 -L/v/apps/intel/composer_xe_2016_update3/compilers_and_libraries_2016.3.210/linux/compiler/lib/intel64 -L/v/apps/intel/composer_xe_2016_update3/compilers_and_libraries_2016.3.210/linux/mkl/lib/intel64 -L/v/apps/intel/composer_xe_2016_update3/compilers_and_libraries_2016.3.210/linux/tbb/lib/intel64/gcc4.4 -L/v/apps/intel/composer_xe_2016_update3/compilers_and_libraries_2016.3.210/linux/daal/lib/intel64_lin -L/v/apps/intel/composer_xe_2016_update3/compilers_and_libraries_2016.3.210/linux/daal/../tbb/lib/intel64_lin/gcc4.4 -L/v/apps/intel/composer_xe_2016_update3/compilers_and_libraries_2016.3.210/linux/daal/../compiler/lib/intel64_lin -L/u/samar/Documents/git/caffe2/install/lib -L/u/samar/Documents/git/caffe2/install/lib -L/v/apps/intel/composer_xe_2016_update3/compilers_and_libraries_2016.3.210/linux/compiler/lib/intel64_lin -L/usr/lib/gcc/x86_64-redhat-linux/4.8.5/ -L/usr/lib/gcc/x86_64-redhat-linux/4.8.5/../../../../lib64 -L/usr/lib/gcc/x86_64-redhat-linux/4.8.5/../../../../lib64/ -L/lib/../lib64 -L/lib/../lib64/ -L/usr/lib/../lib64 -L/usr/lib/../lib64/ -L/v/apps/intel/composer_xe_2016_update3/compilers_and_libraries_2016.3.210/linux/ipp/lib/intel64/ -L/v/apps/intel/composer_xe_2016_update3/compilers_and_libraries_2016.3.210/linux/compiler/lib/intel64/ -L/v/apps/intel/composer_xe_2016_update3/compilers_and_libraries_2016.3.210/linux/mkl/lib/intel64/ -L/v/apps/intel/composer_xe_2016_update3/compilers_and_libraries_2016.3.210/linux/tbb/lib/intel64/gcc4.4/ -L/v/apps/intel/composer_xe_2016_update3/compilers_and_libraries_2016.3.210/linux/daal/lib/intel64_lin/ -L/v/apps/intel/composer_xe_2016_update3/compilers_and_libraries_2016.3.210/linux/daal/../tbb/lib/intel64_lin/gcc4.4/ -L/v/apps/intel/composer_xe_2016_update3/compilers_and_libraries_2016.3.210/linux/daal/../compiler/lib/intel64_lin/ -L/u/samar/Documents/git/caffe2/install/lib/ -L/usr/lib/gcc/x86_64-redhat-linux/4.8.5/../../../ -L/lib64 -L/lib/ -L/usr/lib64 -L/usr/lib CMakeFiles/cmTC_66e7f.dir/CMakeCXXCompilerABI.cpp.o -Bdynamic -Bstatic -limf -lsvml -lirng -Bdynamic -lstdc++ -lm -Bstatic -lipgo -ldecimal --as-needed -Bdynamic -lcilkrts --no-as-needed -lstdc++ -lgcc -lgcc_s -Bstatic -lirc -lsvml -Bdynamic -lc -lgcc -lgcc_s -Bstatic -lirc_s -Bdynamic -ldl -lc /usr/lib/gcc/x86_64-redhat-linux/4.8.5/crtend.o /usr/lib/gcc/x86_64-redhat-linux/4.8.5/../../../../lib64/crtn.o]
    arg [ld] ==> ignore
    arg [/usr/lib/gcc/x86_64-redhat-linux/4.8.5/../../../../lib64/crt1.o] ==> ignore
    arg [/usr/lib/gcc/x86_64-redhat-linux/4.8.5/../../../../lib64/crti.o] ==> ignore
    arg [/usr/lib/gcc/x86_64-redhat-linux/4.8.5/crtbegin.o] ==> ignore
    arg [--eh-frame-hdr] ==> ignore
    arg [--build-id] ==> ignore
    arg [-dynamic-linker] ==> ignore
    arg [/lib64/ld-linux-x86-64.so.2] ==> ignore
    arg [-m] ==> ignore
    arg [elf_x86_64] ==> ignore
    arg [-o] ==> ignore
    arg [cmTC_66e7f] ==> ignore
    arg [-L/v/apps/intel/composer_xe_2016_update3/compilers_and_libraries_2016.3.210/linux/ipp/lib/intel64] ==> dir [/v/apps/intel/composer_xe_2016_update3/compilers_and_libraries_2016.3.210/linux/ipp/lib/intel64]
    arg [-L/v/apps/intel/composer_xe_2016_update3/compilers_and_libraries_2016.3.210/linux/compiler/lib/intel64] ==> dir [/v/apps/intel/composer_xe_2016_update3/compilers_and_libraries_2016.3.210/linux/compiler/lib/intel64]
    arg [-L/v/apps/intel/composer_xe_2016_update3/compilers_and_libraries_2016.3.210/linux/mkl/lib/intel64] ==> dir [/v/apps/intel/composer_xe_2016_update3/compilers_and_libraries_2016.3.210/linux/mkl/lib/intel64]
    arg [-L/v/apps/intel/composer_xe_2016_update3/compilers_and_libraries_2016.3.210/linux/tbb/lib/intel64/gcc4.4] ==> dir [/v/apps/intel/composer_xe_2016_update3/compilers_and_libraries_2016.3.210/linux/tbb/lib/intel64/gcc4.4]
    arg [-L/v/apps/intel/composer_xe_2016_update3/compilers_and_libraries_2016.3.210/linux/daal/lib/intel64_lin] ==> dir [/v/apps/intel/composer_xe_2016_update3/compilers_and_libraries_2016.3.210/linux/daal/lib/intel64_lin]
    arg [-L/v/apps/intel/composer_xe_2016_update3/compilers_and_libraries_2016.3.210/linux/daal/../tbb/lib/intel64_lin/gcc4.4] ==> dir [/v/apps/intel/composer_xe_2016_update3/compilers_and_libraries_2016.3.210/linux/daal/../tbb/lib/intel64_lin/gcc4.4]
    arg [-L/v/apps/intel/composer_xe_2016_update3/compilers_and_libraries_2016.3.210/linux/daal/../compiler/lib/intel64_lin] ==> dir [/v/apps/intel/composer_xe_2016_update3/compilers_and_libraries_2016.3.210/linux/daal/../compiler/lib/intel64_lin]
    arg [-L/u/samar/Documents/git/caffe2/install/lib] ==> dir [/u/samar/Documents/git/caffe2/install/lib]
    arg [-L/u/samar/Documents/git/caffe2/install/lib] ==> dir [/u/samar/Documents/git/caffe2/install/lib]
    arg [-L/v/apps/intel/composer_xe_2016_update3/compilers_and_libraries_2016.3.210/linux/compiler/lib/intel64_lin] ==> dir [/v/apps/intel/composer_xe_2016_update3/compilers_and_libraries_2016.3.210/linux/compiler/lib/intel64_lin]
    arg [-L/usr/lib/gcc/x86_64-redhat-linux/4.8.5/] ==> dir [/usr/lib/gcc/x86_64-redhat-linux/4.8.5/]
    arg [-L/usr/lib/gcc/x86_64-redhat-linux/4.8.5/../../../../lib64] ==> dir [/usr/lib/gcc/x86_64-redhat-linux/4.8.5/../../../../lib64]
    arg [-L/usr/lib/gcc/x86_64-redhat-linux/4.8.5/../../../../lib64/] ==> dir [/usr/lib/gcc/x86_64-redhat-linux/4.8.5/../../../../lib64/]
    arg [-L/lib/../lib64] ==> dir [/lib/../lib64]
    arg [-L/lib/../lib64/] ==> dir [/lib/../lib64/]
    arg [-L/usr/lib/../lib64] ==> dir [/usr/lib/../lib64]
    arg [-L/usr/lib/../lib64/] ==> dir [/usr/lib/../lib64/]
    arg [-L/v/apps/intel/composer_xe_2016_update3/compilers_and_libraries_2016.3.210/linux/ipp/lib/intel64/] ==> dir [/v/apps/intel/composer_xe_2016_update3/compilers_and_libraries_2016.3.210/linux/ipp/lib/intel64/]
    arg [-L/v/apps/intel/composer_xe_2016_update3/compilers_and_libraries_2016.3.210/linux/compiler/lib/intel64/] ==> dir [/v/apps/intel/composer_xe_2016_update3/compilers_and_libraries_2016.3.210/linux/compiler/lib/intel64/]
    arg [-L/v/apps/intel/composer_xe_2016_update3/compilers_and_libraries_2016.3.210/linux/mkl/lib/intel64/] ==> dir [/v/apps/intel/composer_xe_2016_update3/compilers_and_libraries_2016.3.210/linux/mkl/lib/intel64/]
    arg [-L/v/apps/intel/composer_xe_2016_update3/compilers_and_libraries_2016.3.210/linux/tbb/lib/intel64/gcc4.4/] ==> dir [/v/apps/intel/composer_xe_2016_update3/compilers_and_libraries_2016.3.210/linux/tbb/lib/intel64/gcc4.4/]
    arg [-L/v/apps/intel/composer_xe_2016_update3/compilers_and_libraries_2016.3.210/linux/daal/lib/intel64_lin/] ==> dir [/v/apps/intel/composer_xe_2016_update3/compilers_and_libraries_2016.3.210/linux/daal/lib/intel64_lin/]
    arg [-L/v/apps/intel/composer_xe_2016_update3/compilers_and_libraries_2016.3.210/linux/daal/../tbb/lib/intel64_lin/gcc4.4/] ==> dir [/v/apps/intel/composer_xe_2016_update3/compilers_and_libraries_2016.3.210/linux/daal/../tbb/lib/intel64_lin/gcc4.4/]
    arg [-L/v/apps/intel/composer_xe_2016_update3/compilers_and_libraries_2016.3.210/linux/daal/../compiler/lib/intel64_lin/] ==> dir [/v/apps/intel/composer_xe_2016_update3/compilers_and_libraries_2016.3.210/linux/daal/../compiler/lib/intel64_lin/]
    arg [-L/u/samar/Documents/git/caffe2/install/lib/] ==> dir [/u/samar/Documents/git/caffe2/install/lib/]
    arg [-L/usr/lib/gcc/x86_64-redhat-linux/4.8.5/../../../] ==> dir [/usr/lib/gcc/x86_64-redhat-linux/4.8.5/../../../]
    arg [-L/lib64] ==> dir [/lib64]
    arg [-L/lib/] ==> dir [/lib/]
    arg [-L/usr/lib64] ==> dir [/usr/lib64]
    arg [-L/usr/lib] ==> dir [/usr/lib]
    arg [CMakeFiles/cmTC_66e7f.dir/CMakeCXXCompilerABI.cpp.o] ==> ignore
    arg [-Bdynamic] ==> ignore
    arg [-Bstatic] ==> ignore
    arg [-limf] ==> lib [imf]
    arg [-lsvml] ==> lib [svml]
    arg [-lirng] ==> lib [irng]
    arg [-Bdynamic] ==> ignore
    arg [-lstdc++] ==> lib [stdc++]
    arg [-lm] ==> lib [m]
    arg [-Bstatic] ==> ignore
    arg [-lipgo] ==> lib [ipgo]
    arg [-ldecimal] ==> lib [decimal]
    arg [--as-needed] ==> ignore
    arg [-Bdynamic] ==> ignore
    arg [-lcilkrts] ==> lib [cilkrts]
    arg [--no-as-needed] ==> ignore
    arg [-lstdc++] ==> lib [stdc++]
    arg [-lgcc] ==> lib [gcc]
    arg [-lgcc_s] ==> lib [gcc_s]
    arg [-Bstatic] ==> ignore
    arg [-lirc] ==> lib [irc]
    arg [-lsvml] ==> lib [svml]
    arg [-Bdynamic] ==> ignore
    arg [-lc] ==> lib [c]
    arg [-lgcc] ==> lib [gcc]
    arg [-lgcc_s] ==> lib [gcc_s]
    arg [-Bstatic] ==> ignore
    arg [-lirc_s] ==> lib [irc_s]
    arg [-Bdynamic] ==> ignore
    arg [-ldl] ==> lib [dl]
    arg [-lc] ==> lib [c]
    arg [/usr/lib/gcc/x86_64-redhat-linux/4.8.5/crtend.o] ==> ignore
    arg [/usr/lib/gcc/x86_64-redhat-linux/4.8.5/../../../../lib64/crtn.o] ==> ignore
  collapse library dir [/v/apps/intel/composer_xe_2016_update3/compilers_and_libraries_2016.3.210/linux/ipp/lib/intel64] ==> [/v/apps/intel/composer_xe_2016_update3/compilers_and_libraries_2016.3.210/linux/ipp/lib/intel64]
  collapse library dir [/v/apps/intel/composer_xe_2016_update3/compilers_and_libraries_2016.3.210/linux/compiler/lib/intel64] ==> [/v/apps/intel/composer_xe_2016_update3/compilers_and_libraries_2016.3.210/linux/compiler/lib/intel64]
  collapse library dir [/v/apps/intel/composer_xe_2016_update3/compilers_and_libraries_2016.3.210/linux/mkl/lib/intel64] ==> [/v/apps/intel/composer_xe_2016_update3/compilers_and_libraries_2016.3.210/linux/mkl/lib/intel64]
  collapse library dir [/v/apps/intel/composer_xe_2016_update3/compilers_and_libraries_2016.3.210/linux/tbb/lib/intel64/gcc4.4] ==> [/v/apps/intel/composer_xe_2016_update3/compilers_and_libraries_2016.3.210/linux/tbb/lib/intel64/gcc4.4]
  collapse library dir [/v/apps/intel/composer_xe_2016_update3/compilers_and_libraries_2016.3.210/linux/daal/lib/intel64_lin] ==> [/v/apps/intel/composer_xe_2016_update3/compilers_and_libraries_2016.3.210/linux/daal/lib/intel64_lin]
  collapse library dir [/v/apps/intel/composer_xe_2016_update3/compilers_and_libraries_2016.3.210/linux/daal/../tbb/lib/intel64_lin/gcc4.4] ==> [/v/apps/intel/composer_xe_2016_update3/compilers_and_libraries_2016.3.210/linux/tbb/lib/intel64_lin/gcc4.4]
  collapse library dir [/v/apps/intel/composer_xe_2016_update3/compilers_and_libraries_2016.3.210/linux/daal/../compiler/lib/intel64_lin] ==> [/v/apps/intel/composer_xe_2016_update3/compilers_and_libraries_2016.3.210/linux/compiler/lib/intel64_lin]
  collapse library dir [/u/samar/Documents/git/caffe2/install/lib] ==> [/u/samar/Documents/git/caffe2/install/lib]
  collapse library dir [/u/samar/Documents/git/caffe2/install/lib] ==> [/u/samar/Documents/git/caffe2/install/lib]
  collapse library dir [/v/apps/intel/composer_xe_2016_update3/compilers_and_libraries_2016.3.210/linux/compiler/lib/intel64_lin] ==> [/v/apps/intel/composer_xe_2016_update3/compilers_and_libraries_2016.3.210/linux/compiler/lib/intel64_lin]
  collapse library dir [/usr/lib/gcc/x86_64-redhat-linux/4.8.5/] ==> [/usr/lib/gcc/x86_64-redhat-linux/4.8.5]
  collapse library dir [/usr/lib/gcc/x86_64-redhat-linux/4.8.5/../../../../lib64] ==> [/usr/lib64]
  collapse library dir [/usr/lib/gcc/x86_64-redhat-linux/4.8.5/../../../../lib64/] ==> [/usr/lib64]
  collapse library dir [/lib/../lib64] ==> [/lib64]
  collapse library dir [/lib/../lib64/] ==> [/lib64]
  collapse library dir [/usr/lib/../lib64] ==> [/usr/lib64]
  collapse library dir [/usr/lib/../lib64/] ==> [/usr/lib64]
  collapse library dir [/v/apps/intel/composer_xe_2016_update3/compilers_and_libraries_2016.3.210/linux/ipp/lib/intel64/] ==> [/v/apps/intel/composer_xe_2016_update3/compilers_and_libraries_2016.3.210/linux/ipp/lib/intel64]
  collapse library dir [/v/apps/intel/composer_xe_2016_update3/compilers_and_libraries_2016.3.210/linux/compiler/lib/intel64/] ==> [/v/apps/intel/composer_xe_2016_update3/compilers_and_libraries_2016.3.210/linux/compiler/lib/intel64]
  collapse library dir [/v/apps/intel/composer_xe_2016_update3/compilers_and_libraries_2016.3.210/linux/mkl/lib/intel64/] ==> [/v/apps/intel/composer_xe_2016_update3/compilers_and_libraries_2016.3.210/linux/mkl/lib/intel64]
  collapse library dir [/v/apps/intel/composer_xe_2016_update3/compilers_and_libraries_2016.3.210/linux/tbb/lib/intel64/gcc4.4/] ==> [/v/apps/intel/composer_xe_2016_update3/compilers_and_libraries_2016.3.210/linux/tbb/lib/intel64/gcc4.4]
  collapse library dir [/v/apps/intel/composer_xe_2016_update3/compilers_and_libraries_2016.3.210/linux/daal/lib/intel64_lin/] ==> [/v/apps/intel/composer_xe_2016_update3/compilers_and_libraries_2016.3.210/linux/daal/lib/intel64_lin]
  collapse library dir [/v/apps/intel/composer_xe_2016_update3/compilers_and_libraries_2016.3.210/linux/daal/../tbb/lib/intel64_lin/gcc4.4/] ==> [/v/apps/intel/composer_xe_2016_update3/compilers_and_libraries_2016.3.210/linux/tbb/lib/intel64_lin/gcc4.4]
  collapse library dir [/v/apps/intel/composer_xe_2016_update3/compilers_and_libraries_2016.3.210/linux/daal/../compiler/lib/intel64_lin/] ==> [/v/apps/intel/composer_xe_2016_update3/compilers_and_libraries_2016.3.210/linux/compiler/lib/intel64_lin]
  collapse library dir [/u/samar/Documents/git/caffe2/install/lib/] ==> [/u/samar/Documents/git/caffe2/install/lib]
  collapse library dir [/usr/lib/gcc/x86_64-redhat-linux/4.8.5/../../../] ==> [/usr/lib]
  collapse library dir [/lib64] ==> [/lib64]
  collapse library dir [/lib/] ==> [/lib]
  collapse library dir [/usr/lib64] ==> [/usr/lib64]
  collapse library dir [/usr/lib] ==> [/usr/lib]
  implicit libs: [imf;svml;irng;stdc++;m;ipgo;decimal;cilkrts;stdc++;gcc;gcc_s;irc;svml;c;gcc;gcc_s;irc_s;dl;c]
  implicit dirs: [/v/apps/intel/composer_xe_2016_update3/compilers_and_libraries_2016.3.210/linux/ipp/lib/intel64;/v/apps/intel/composer_xe_2016_update3/compilers_and_libraries_2016.3.210/linux/compiler/lib/intel64;/v/apps/intel/composer_xe_2016_update3/compilers_and_libraries_2016.3.210/linux/mkl/lib/intel64;/v/apps/intel/composer_xe_2016_update3/compilers_and_libraries_2016.3.210/linux/tbb/lib/intel64/gcc4.4;/v/apps/intel/composer_xe_2016_update3/compilers_and_libraries_2016.3.210/linux/daal/lib/intel64_lin;/v/apps/intel/composer_xe_2016_update3/compilers_and_libraries_2016.3.210/linux/tbb/lib/intel64_lin/gcc4.4;/v/apps/intel/composer_xe_2016_update3/compilers_and_libraries_2016.3.210/linux/compiler/lib/intel64_lin;/u/samar/Documents/git/caffe2/install/lib;/usr/lib/gcc/x86_64-redhat-linux/4.8.5;/usr/lib64;/lib64;/usr/lib;/lib]
  implicit fwks: []




Detecting CXX [-std=c++14] compiler features compiled with the following output:
Change Dir: /u/samar/Documents/git/cuda/cmake-build-debug/CMakeFiles/CMakeTmp

Run Build Command:"/usr/bin/gmake" "cmTC_04513/fast"
/usr/bin/gmake -f CMakeFiles/cmTC_04513.dir/build.make CMakeFiles/cmTC_04513.dir/build
gmake[1]: Entering directory `/u/samar/Documents/git/cuda/cmake-build-debug/CMakeFiles/CMakeTmp'
Building CXX object CMakeFiles/cmTC_04513.dir/feature_tests.cxx.o
/v/apps/intel/composer_xe_2016_update3/compilers_and_libraries_2016.3.210/linux/bin/intel64/icpc    -std=c++14 -o CMakeFiles/cmTC_04513.dir/feature_tests.cxx.o -c /u/samar/Documents/git/cuda/cmake-build-debug/CMakeFiles/feature_tests.cxx
Linking CXX executable cmTC_04513
/v/apps/cmake/3.9.0/bin/cmake -E cmake_link_script CMakeFiles/cmTC_04513.dir/link.txt --verbose=1
/v/apps/intel/composer_xe_2016_update3/compilers_and_libraries_2016.3.210/linux/bin/intel64/icpc       CMakeFiles/cmTC_04513.dir/feature_tests.cxx.o  -o cmTC_04513 
gmake[1]: Leaving directory `/u/samar/Documents/git/cuda/cmake-build-debug/CMakeFiles/CMakeTmp'


    Feature record: CXX_FEATURE:1cxx_aggregate_default_initializers
    Feature record: CXX_FEATURE:1cxx_alias_templates
    Feature record: CXX_FEATURE:1cxx_alignas
    Feature record: CXX_FEATURE:1cxx_alignof
    Feature record: CXX_FEATURE:1cxx_attributes
    Feature record: CXX_FEATURE:1cxx_attribute_deprecated
    Feature record: CXX_FEATURE:1cxx_auto_type
    Feature record: CXX_FEATURE:1cxx_binary_literals
    Feature record: CXX_FEATURE:1cxx_constexpr
    Feature record: CXX_FEATURE:1cxx_contextual_conversions
    Feature record: CXX_FEATURE:1cxx_decltype
    Feature record: CXX_FEATURE:1cxx_decltype_auto
    Feature record: CXX_FEATURE:1cxx_decltype_incomplete_return_types
    Feature record: CXX_FEATURE:1cxx_default_function_template_args
    Feature record: CXX_FEATURE:1cxx_defaulted_functions
    Feature record: CXX_FEATURE:1cxx_defaulted_move_initializers
    Feature record: CXX_FEATURE:1cxx_delegating_constructors
    Feature record: CXX_FEATURE:1cxx_deleted_functions
    Feature record: CXX_FEATURE:1cxx_digit_separators
    Feature record: CXX_FEATURE:1cxx_enum_forward_declarations
    Feature record: CXX_FEATURE:1cxx_explicit_conversions
    Feature record: CXX_FEATURE:1cxx_extended_friend_declarations
    Feature record: CXX_FEATURE:1cxx_extern_templates
    Feature record: CXX_FEATURE:1cxx_final
    Feature record: CXX_FEATURE:1cxx_func_identifier
    Feature record: CXX_FEATURE:1cxx_generic_lambdas
    Feature record: CXX_FEATURE:1cxx_inheriting_constructors
    Feature record: CXX_FEATURE:1cxx_inline_namespaces
    Feature record: CXX_FEATURE:1cxx_lambdas
    Feature record: CXX_FEATURE:1cxx_lambda_init_captures
    Feature record: CXX_FEATURE:1cxx_local_type_template_args
    Feature record: CXX_FEATURE:1cxx_long_long_type
    Feature record: CXX_FEATURE:1cxx_noexcept
    Feature record: CXX_FEATURE:1cxx_nonstatic_member_init
    Feature record: CXX_FEATURE:1cxx_nullptr
    Feature record: CXX_FEATURE:1cxx_override
    Feature record: CXX_FEATURE:1cxx_range_for
    Feature record: CXX_FEATURE:1cxx_raw_string_literals
    Feature record: CXX_FEATURE:1cxx_reference_qualified_functions
    Feature record: CXX_FEATURE:0cxx_relaxed_constexpr
    Feature record: CXX_FEATURE:1cxx_return_type_deduction
    Feature record: CXX_FEATURE:1cxx_right_angle_brackets
    Feature record: CXX_FEATURE:1cxx_rvalue_references
    Feature record: CXX_FEATURE:1cxx_sizeof_member
    Feature record: CXX_FEATURE:1cxx_static_assert
    Feature record: CXX_FEATURE:1cxx_strong_enums
    Feature record: CXX_FEATURE:1cxx_template_template_parameters
    Feature record: CXX_FEATURE:1cxx_thread_local
    Feature record: CXX_FEATURE:1cxx_trailing_return_types
    Feature record: CXX_FEATURE:1cxx_unicode_literals
    Feature record: CXX_FEATURE:1cxx_uniform_initialization
    Feature record: CXX_FEATURE:1cxx_unrestricted_unions
    Feature record: CXX_FEATURE:1cxx_user_literals
    Feature record: CXX_FEATURE:0cxx_variable_templates
    Feature record: CXX_FEATURE:1cxx_variadic_macros
    Feature record: CXX_FEATURE:1cxx_variadic_templates


Detecting CXX [-std=c++11] compiler features compiled with the following output:
Change Dir: /u/samar/Documents/git/cuda/cmake-build-debug/CMakeFiles/CMakeTmp

Run Build Command:"/usr/bin/gmake" "cmTC_53693/fast"
/usr/bin/gmake -f CMakeFiles/cmTC_53693.dir/build.make CMakeFiles/cmTC_53693.dir/build
gmake[1]: Entering directory `/u/samar/Documents/git/cuda/cmake-build-debug/CMakeFiles/CMakeTmp'
Building CXX object CMakeFiles/cmTC_53693.dir/feature_tests.cxx.o
/v/apps/intel/composer_xe_2016_update3/compilers_and_libraries_2016.3.210/linux/bin/intel64/icpc    -std=c++11 -o CMakeFiles/cmTC_53693.dir/feature_tests.cxx.o -c /u/samar/Documents/git/cuda/cmake-build-debug/CMakeFiles/feature_tests.cxx
Linking CXX executable cmTC_53693
/v/apps/cmake/3.9.0/bin/cmake -E cmake_link_script CMakeFiles/cmTC_53693.dir/link.txt --verbose=1
/v/apps/intel/composer_xe_2016_update3/compilers_and_libraries_2016.3.210/linux/bin/intel64/icpc       CMakeFiles/cmTC_53693.dir/feature_tests.cxx.o  -o cmTC_53693 
gmake[1]: Leaving directory `/u/samar/Documents/git/cuda/cmake-build-debug/CMakeFiles/CMakeTmp'


    Feature record: CXX_FEATURE:0cxx_aggregate_default_initializers
    Feature record: CXX_FEATURE:1cxx_alias_templates
    Feature record: CXX_FEATURE:1cxx_alignas
    Feature record: CXX_FEATURE:1cxx_alignof
    Feature record: CXX_FEATURE:1cxx_attributes
    Feature record: CXX_FEATURE:0cxx_attribute_deprecated
    Feature record: CXX_FEATURE:1cxx_auto_type
    Feature record: CXX_FEATURE:1cxx_binary_literals
    Feature record: CXX_FEATURE:1cxx_constexpr
    Feature record: CXX_FEATURE:0cxx_contextual_conversions
    Feature record: CXX_FEATURE:1cxx_decltype
    Feature record: CXX_FEATURE:0cxx_decltype_auto
    Feature record: CXX_FEATURE:1cxx_decltype_incomplete_return_types
    Feature record: CXX_FEATURE:1cxx_default_function_template_args
    Feature record: CXX_FEATURE:1cxx_defaulted_functions
    Feature record: CXX_FEATURE:1cxx_defaulted_move_initializers
    Feature record: CXX_FEATURE:1cxx_delegating_constructors
    Feature record: CXX_FEATURE:1cxx_deleted_functions
    Feature record: CXX_FEATURE:0cxx_digit_separators
    Feature record: CXX_FEATURE:1cxx_enum_forward_declarations
    Feature record: CXX_FEATURE:1cxx_explicit_conversions
    Feature record: CXX_FEATURE:1cxx_extended_friend_declarations
    Feature record: CXX_FEATURE:1cxx_extern_templates
    Feature record: CXX_FEATURE:1cxx_final
    Feature record: CXX_FEATURE:1cxx_func_identifier
    Feature record: CXX_FEATURE:0cxx_generic_lambdas
    Feature record: CXX_FEATURE:1cxx_inheriting_constructors
    Feature record: CXX_FEATURE:1cxx_inline_namespaces
    Feature record: CXX_FEATURE:1cxx_lambdas
    Feature record: CXX_FEATURE:0cxx_lambda_init_captures
    Feature record: CXX_FEATURE:1cxx_local_type_template_args
    Feature record: CXX_FEATURE:1cxx_long_long_type
    Feature record: CXX_FEATURE:1cxx_noexcept
    Feature record: CXX_FEATURE:1cxx_nonstatic_member_init
    Feature record: CXX_FEATURE:1cxx_nullptr
    Feature record: CXX_FEATURE:1cxx_override
    Feature record: CXX_FEATURE:1cxx_range_for
    Feature record: CXX_FEATURE:1cxx_raw_string_literals
    Feature record: CXX_FEATURE:1cxx_reference_qualified_functions
    Feature record: CXX_FEATURE:0cxx_relaxed_constexpr
    Feature record: CXX_FEATURE:1cxx_return_type_deduction
    Feature record: CXX_FEATURE:1cxx_right_angle_brackets
    Feature record: CXX_FEATURE:1cxx_rvalue_references
    Feature record: CXX_FEATURE:1cxx_sizeof_member
    Feature record: CXX_FEATURE:1cxx_static_assert
    Feature record: CXX_FEATURE:1cxx_strong_enums
    Feature record: CXX_FEATURE:1cxx_template_template_parameters
    Feature record: CXX_FEATURE:1cxx_thread_local
    Feature record: CXX_FEATURE:1cxx_trailing_return_types
    Feature record: CXX_FEATURE:1cxx_unicode_literals
    Feature record: CXX_FEATURE:1cxx_uniform_initialization
    Feature record: CXX_FEATURE:1cxx_unrestricted_unions
    Feature record: CXX_FEATURE:1cxx_user_literals
    Feature record: CXX_FEATURE:0cxx_variable_templates
    Feature record: CXX_FEATURE:1cxx_variadic_macros
    Feature record: CXX_FEATURE:1cxx_variadic_templates


Detecting CXX [-std=c++98] compiler features compiled with the following output:
Change Dir: /u/samar/Documents/git/cuda/cmake-build-debug/CMakeFiles/CMakeTmp

Run Build Command:"/usr/bin/gmake" "cmTC_183ad/fast"
/usr/bin/gmake -f CMakeFiles/cmTC_183ad.dir/build.make CMakeFiles/cmTC_183ad.dir/build
gmake[1]: Entering directory `/u/samar/Documents/git/cuda/cmake-build-debug/CMakeFiles/CMakeTmp'
Building CXX object CMakeFiles/cmTC_183ad.dir/feature_tests.cxx.o
/v/apps/intel/composer_xe_2016_update3/compilers_and_libraries_2016.3.210/linux/bin/intel64/icpc    -std=c++98 -o CMakeFiles/cmTC_183ad.dir/feature_tests.cxx.o -c /u/samar/Documents/git/cuda/cmake-build-debug/CMakeFiles/feature_tests.cxx
Linking CXX executable cmTC_183ad
/v/apps/cmake/3.9.0/bin/cmake -E cmake_link_script CMakeFiles/cmTC_183ad.dir/link.txt --verbose=1
/v/apps/intel/composer_xe_2016_update3/compilers_and_libraries_2016.3.210/linux/bin/intel64/icpc       CMakeFiles/cmTC_183ad.dir/feature_tests.cxx.o  -o cmTC_183ad 
gmake[1]: Leaving directory `/u/samar/Documents/git/cuda/cmake-build-debug/CMakeFiles/CMakeTmp'


    Feature record: CXX_FEATURE:0cxx_aggregate_default_initializers
    Feature record: CXX_FEATURE:0cxx_alias_templates
    Feature record: CXX_FEATURE:0cxx_alignas
    Feature record: CXX_FEATURE:0cxx_alignof
    Feature record: CXX_FEATURE:0cxx_attributes
    Feature record: CXX_FEATURE:0cxx_attribute_deprecated
    Feature record: CXX_FEATURE:0cxx_auto_type
    Feature record: CXX_FEATURE:1cxx_binary_literals
    Feature record: CXX_FEATURE:0cxx_constexpr
    Feature record: CXX_FEATURE:0cxx_contextual_conversions
    Feature record: CXX_FEATURE:0cxx_decltype
    Feature record: CXX_FEATURE:0cxx_decltype_auto
    Feature record: CXX_FEATURE:0cxx_decltype_incomplete_return_types
    Feature record: CXX_FEATURE:0cxx_default_function_template_args
    Feature record: CXX_FEATURE:0cxx_defaulted_functions
    Feature record: CXX_FEATURE:0cxx_defaulted_move_initializers
    Feature record: CXX_FEATURE:0cxx_delegating_constructors
    Feature record: CXX_FEATURE:0cxx_deleted_functions
    Feature record: CXX_FEATURE:0cxx_digit_separators
    Feature record: CXX_FEATURE:0cxx_enum_forward_declarations
    Feature record: CXX_FEATURE:0cxx_explicit_conversions
    Feature record: CXX_FEATURE:0cxx_extended_friend_declarations
    Feature record: CXX_FEATURE:0cxx_extern_templates
    Feature record: CXX_FEATURE:0cxx_final
    Feature record: CXX_FEATURE:0cxx_func_identifier
    Feature record: CXX_FEATURE:0cxx_generic_lambdas
    Feature record: CXX_FEATURE:0cxx_inheriting_constructors
    Feature record: CXX_FEATURE:0cxx_inline_namespaces
    Feature record: CXX_FEATURE:0cxx_lambdas
    Feature record: CXX_FEATURE:0cxx_lambda_init_captures
    Feature record: CXX_FEATURE:0cxx_local_type_template_args
    Feature record: CXX_FEATURE:0cxx_long_long_type
    Feature record: CXX_FEATURE:0cxx_noexcept
    Feature record: CXX_FEATURE:0cxx_nonstatic_member_init
    Feature record: CXX_FEATURE:0cxx_nullptr
    Feature record: CXX_FEATURE:0cxx_override
    Feature record: CXX_FEATURE:0cxx_range_for
    Feature record: CXX_FEATURE:0cxx_raw_string_literals
    Feature record: CXX_FEATURE:0cxx_reference_qualified_functions
    Feature record: CXX_FEATURE:0cxx_relaxed_constexpr
    Feature record: CXX_FEATURE:0cxx_return_type_deduction
    Feature record: CXX_FEATURE:0cxx_right_angle_brackets
    Feature record: CXX_FEATURE:0cxx_rvalue_references
    Feature record: CXX_FEATURE:0cxx_sizeof_member
    Feature record: CXX_FEATURE:0cxx_static_assert
    Feature record: CXX_FEATURE:0cxx_strong_enums
    Feature record: CXX_FEATURE:0cxx_template_template_parameters
    Feature record: CXX_FEATURE:0cxx_thread_local
    Feature record: CXX_FEATURE:0cxx_trailing_return_types
    Feature record: CXX_FEATURE:0cxx_unicode_literals
    Feature record: CXX_FEATURE:0cxx_uniform_initialization
    Feature record: CXX_FEATURE:0cxx_unrestricted_unions
    Feature record: CXX_FEATURE:0cxx_user_literals
    Feature record: CXX_FEATURE:0cxx_variable_templates
    Feature record: CXX_FEATURE:0cxx_variadic_macros
    Feature record: CXX_FEATURE:0cxx_variadic_templates
Determining if the CUDA compiler works passed with the following output:
Change Dir: /u/samar/Documents/git/cuda/cmake-build-debug/CMakeFiles/CMakeTmp

Run Build Command:"/usr/bin/gmake" "cmTC_f8139/fast"
/usr/bin/gmake -f CMakeFiles/cmTC_f8139.dir/build.make CMakeFiles/cmTC_f8139.dir/build
gmake[1]: Entering directory `/u/samar/Documents/git/cuda/cmake-build-debug/CMakeFiles/CMakeTmp'
Building CUDA object CMakeFiles/cmTC_f8139.dir/main.cu.o
/v/apps/cuda/9.2.148/bin/nvcc     -x cu -c /u/samar/Documents/git/cuda/cmake-build-debug/CMakeFiles/CMakeTmp/main.cu -o CMakeFiles/cmTC_f8139.dir/main.cu.o
Linking CUDA device code CMakeFiles/cmTC_f8139.dir/cmake_device_link.o
/v/apps/cmake/3.9.0/bin/cmake -E cmake_link_script CMakeFiles/cmTC_f8139.dir/dlink.txt --verbose=1
/v/apps/cuda/9.2.148/bin/nvcc    -Xcompiler=-fPIC -Wno-deprecated-gpu-targets -shared -dlink CMakeFiles/cmTC_f8139.dir/main.cu.o -o CMakeFiles/cmTC_f8139.dir/cmake_device_link.o 
Linking CUDA executable cmTC_f8139
/v/apps/cmake/3.9.0/bin/cmake -E cmake_link_script CMakeFiles/cmTC_f8139.dir/link.txt --verbose=1
g++    CMakeFiles/cmTC_f8139.dir/main.cu.o CMakeFiles/cmTC_f8139.dir/cmake_device_link.o -o cmTC_f8139  -L"/v/apps/cuda/9.2.148/lib64/stubs" -L"/v/apps/cuda/9.2.148/lib64" -lcudadevrt -lcudart_static -lrt -lpthread -ldl
gmake[1]: Leaving directory `/u/samar/Documents/git/cuda/cmake-build-debug/CMakeFiles/CMakeTmp'


Detecting CUDA compiler ABI info compiled with the following output:
Change Dir: /u/samar/Documents/git/cuda/cmake-build-debug/CMakeFiles/CMakeTmp

Run Build Command:"/usr/bin/gmake" "cmTC_c9d16/fast"
/usr/bin/gmake -f CMakeFiles/cmTC_c9d16.dir/build.make CMakeFiles/cmTC_c9d16.dir/build
gmake[1]: Entering directory `/u/samar/Documents/git/cuda/cmake-build-debug/CMakeFiles/CMakeTmp'
Building CUDA object CMakeFiles/cmTC_c9d16.dir/CMakeCUDACompilerABI.cu.o
/v/apps/cuda/9.2.148/bin/nvcc     -x cu -c /v/apps/cmake/3.9.0/share/cmake-3.9/Modules/CMakeCUDACompilerABI.cu -o CMakeFiles/cmTC_c9d16.dir/CMakeCUDACompilerABI.cu.o
Linking CUDA device code CMakeFiles/cmTC_c9d16.dir/cmake_device_link.o
/v/apps/cmake/3.9.0/bin/cmake -E cmake_link_script CMakeFiles/cmTC_c9d16.dir/dlink.txt --verbose=1
/v/apps/cuda/9.2.148/bin/nvcc    -Xcompiler=-fPIC -Wno-deprecated-gpu-targets -shared -dlink CMakeFiles/cmTC_c9d16.dir/CMakeCUDACompilerABI.cu.o -o CMakeFiles/cmTC_c9d16.dir/cmake_device_link.o 
Linking CUDA executable cmTC_c9d16
/v/apps/cmake/3.9.0/bin/cmake -E cmake_link_script CMakeFiles/cmTC_c9d16.dir/link.txt --verbose=1
g++   -v CMakeFiles/cmTC_c9d16.dir/CMakeCUDACompilerABI.cu.o CMakeFiles/cmTC_c9d16.dir/cmake_device_link.o -o cmTC_c9d16  -L"/v/apps/cuda/9.2.148/lib64/stubs" -L"/v/apps/cuda/9.2.148/lib64" -lcudadevrt -lcudart_static -lrt -lpthread -ldl
Using built-in specs.
COLLECT_GCC=g++
COLLECT_LTO_WRAPPER=/usr/libexec/gcc/x86_64-redhat-linux/4.8.5/lto-wrapper
Target: x86_64-redhat-linux
Configured with: ../configure --prefix=/usr --mandir=/usr/share/man --infodir=/usr/share/info --with-bugurl=http://bugzilla.redhat.com/bugzilla --enable-bootstrap --enable-shared --enable-threads=posix --enable-checking=release --with-system-zlib --enable-__cxa_atexit --disable-libunwind-exceptions --enable-gnu-unique-object --enable-linker-build-id --with-linker-hash-style=gnu --enable-languages=c,c++,objc,obj-c++,java,fortran,ada,go,lto --enable-plugin --enable-initfini-array --disable-libgcj --with-isl=/builddir/build/BUILD/gcc-4.8.5-20150702/obj-x86_64-redhat-linux/isl-install --with-cloog=/builddir/build/BUILD/gcc-4.8.5-20150702/obj-x86_64-redhat-linux/cloog-install --enable-gnu-indirect-function --with-tune=generic --with-arch_32=x86-64 --build=x86_64-redhat-linux
Thread model: posix
gcc version 4.8.5 20150623 (Red Hat 4.8.5-11) (GCC) 
COMPILER_PATH=/usr/libexec/gcc/x86_64-redhat-linux/4.8.5/:/usr/libexec/gcc/x86_64-redhat-linux/4.8.5/:/usr/libexec/gcc/x86_64-redhat-linux/:/usr/lib/gcc/x86_64-redhat-linux/4.8.5/:/usr/lib/gcc/x86_64-redhat-linux/
LIBRARY_PATH=/usr/lib/gcc/x86_64-redhat-linux/4.8.5/:/usr/lib/gcc/x86_64-redhat-linux/4.8.5/../../../../lib64/:/lib/../lib64/:/usr/lib/../lib64/:/v/apps/intel/composer_xe_2016_update3/compilers_and_libraries_2016.3.210/linux/ipp/lib/intel64/:/v/apps/intel/composer_xe_2016_update3/compilers_and_libraries_2016.3.210/linux/compiler/lib/intel64/:/v/apps/intel/composer_xe_2016_update3/compilers_and_libraries_2016.3.210/linux/mkl/lib/intel64/:/v/apps/intel/composer_xe_2016_update3/compilers_and_libraries_2016.3.210/linux/tbb/lib/intel64/gcc4.4/:/v/apps/intel/composer_xe_2016_update3/compilers_and_libraries_2016.3.210/linux/daal/lib/intel64_lin/:/v/apps/intel/composer_xe_2016_update3/compilers_and_libraries_2016.3.210/linux/daal/../tbb/lib/intel64_lin/gcc4.4/:/v/apps/intel/composer_xe_2016_update3/compilers_and_libraries_2016.3.210/linux/daal/../compiler/lib/intel64_lin/:/u/samar/Documents/git/caffe2/install/lib/:/u/samar/Documents/git/caffe2/install/lib/:/usr/lib/gcc/x86_64-redhat-linux/4.8.5/../../../:/lib/:/usr/lib/
COLLECT_GCC_OPTIONS='-v' '-o' 'cmTC_c9d16' '-L/v/apps/cuda/9.2.148/lib64/stubs' '-L/v/apps/cuda/9.2.148/lib64' '-shared-libgcc' '-mtune=generic' '-march=x86-64'
 /usr/libexec/gcc/x86_64-redhat-linux/4.8.5/collect2 --build-id --no-add-needed --eh-frame-hdr --hash-style=gnu -m elf_x86_64 -dynamic-linker /lib64/ld-linux-x86-64.so.2 -o cmTC_c9d16 /usr/lib/gcc/x86_64-redhat-linux/4.8.5/../../../../lib64/crt1.o /usr/lib/gcc/x86_64-redhat-linux/4.8.5/../../../../lib64/crti.o /usr/lib/gcc/x86_64-redhat-linux/4.8.5/crtbegin.o -L/v/apps/cuda/9.2.148/lib64/stubs -L/v/apps/cuda/9.2.148/lib64 -L/usr/lib/gcc/x86_64-redhat-linux/4.8.5 -L/usr/lib/gcc/x86_64-redhat-linux/4.8.5/../../../../lib64 -L/lib/../lib64 -L/usr/lib/../lib64 -L/v/apps/intel/composer_xe_2016_update3/compilers_and_libraries_2016.3.210/linux/ipp/lib/intel64 -L/v/apps/intel/composer_xe_2016_update3/compilers_and_libraries_2016.3.210/linux/compiler/lib/intel64 -L/v/apps/intel/composer_xe_2016_update3/compilers_and_libraries_2016.3.210/linux/mkl/lib/intel64 -L/v/apps/intel/composer_xe_2016_update3/compilers_and_libraries_2016.3.210/linux/tbb/lib/intel64/gcc4.4 -L/v/apps/intel/composer_xe_2016_update3/compilers_and_libraries_2016.3.210/linux/daal/lib/intel64_lin -L/v/apps/intel/composer_xe_2016_update3/compilers_and_libraries_2016.3.210/linux/daal/../tbb/lib/intel64_lin/gcc4.4 -L/v/apps/intel/composer_xe_2016_update3/compilers_and_libraries_2016.3.210/linux/daal/../compiler/lib/intel64_lin -L/u/samar/Documents/git/caffe2/install/lib -L/u/samar/Documents/git/caffe2/install/lib -L/usr/lib/gcc/x86_64-redhat-linux/4.8.5/../../.. CMakeFiles/cmTC_c9d16.dir/CMakeCUDACompilerABI.cu.o CMakeFiles/cmTC_c9d16.dir/cmake_device_link.o -lcudadevrt -lcudart_static -lrt -lpthread -ldl -lstdc++ -lm -lgcc_s -lgcc -lc -lgcc_s -lgcc /usr/lib/gcc/x86_64-redhat-linux/4.8.5/crtend.o /usr/lib/gcc/x86_64-redhat-linux/4.8.5/../../../../lib64/crtn.o
gmake[1]: Leaving directory `/u/samar/Documents/git/cuda/cmake-build-debug/CMakeFiles/CMakeTmp'


Parsed CUDA implicit link information from above output:
  link line regex: [^( *|.*[/\])(ld|CMAKE_LINK_STARTFILE-NOTFOUND|([^/\]+-)?ld|collect2)[^/\]*( |$)]
  ignore line: [Change Dir: /u/samar/Documents/git/cuda/cmake-build-debug/CMakeFiles/CMakeTmp]
  ignore line: []
  ignore line: [Run Build Command:"/usr/bin/gmake" "cmTC_c9d16/fast"]
  ignore line: [/usr/bin/gmake -f CMakeFiles/cmTC_c9d16.dir/build.make CMakeFiles/cmTC_c9d16.dir/build]
  ignore line: [gmake[1]: Entering directory `/u/samar/Documents/git/cuda/cmake-build-debug/CMakeFiles/CMakeTmp']
  ignore line: [Building CUDA object CMakeFiles/cmTC_c9d16.dir/CMakeCUDACompilerABI.cu.o]
  ignore line: [/v/apps/cuda/9.2.148/bin/nvcc     -x cu -c /v/apps/cmake/3.9.0/share/cmake-3.9/Modules/CMakeCUDACompilerABI.cu -o CMakeFiles/cmTC_c9d16.dir/CMakeCUDACompilerABI.cu.o]
  ignore line: [Linking CUDA device code CMakeFiles/cmTC_c9d16.dir/cmake_device_link.o]
  ignore line: [/v/apps/cmake/3.9.0/bin/cmake -E cmake_link_script CMakeFiles/cmTC_c9d16.dir/dlink.txt --verbose=1]
  ignore line: [/v/apps/cuda/9.2.148/bin/nvcc    -Xcompiler=-fPIC -Wno-deprecated-gpu-targets -shared -dlink CMakeFiles/cmTC_c9d16.dir/CMakeCUDACompilerABI.cu.o -o CMakeFiles/cmTC_c9d16.dir/cmake_device_link.o ]
  ignore line: [Linking CUDA executable cmTC_c9d16]
  ignore line: [/v/apps/cmake/3.9.0/bin/cmake -E cmake_link_script CMakeFiles/cmTC_c9d16.dir/link.txt --verbose=1]
  ignore line: [g++   -v CMakeFiles/cmTC_c9d16.dir/CMakeCUDACompilerABI.cu.o CMakeFiles/cmTC_c9d16.dir/cmake_device_link.o -o cmTC_c9d16  -L"/v/apps/cuda/9.2.148/lib64/stubs" -L"/v/apps/cuda/9.2.148/lib64" -lcudadevrt -lcudart_static -lrt -lpthread -ldl]
  ignore line: [Using built-in specs.]
  ignore line: [COLLECT_GCC=g++]
  ignore line: [COLLECT_LTO_WRAPPER=/usr/libexec/gcc/x86_64-redhat-linux/4.8.5/lto-wrapper]
  ignore line: [Target: x86_64-redhat-linux]
  ignore line: [Configured with: ../configure --prefix=/usr --mandir=/usr/share/man --infodir=/usr/share/info --with-bugurl=http://bugzilla.redhat.com/bugzilla --enable-bootstrap --enable-shared --enable-threads=posix --enable-checking=release --with-system-zlib --enable-__cxa_atexit --disable-libunwind-exceptions --enable-gnu-unique-object --enable-linker-build-id --with-linker-hash-style=gnu --enable-languages=c,c++,objc,obj-c++,java,fortran,ada,go,lto --enable-plugin --enable-initfini-array --disable-libgcj --with-isl=/builddir/build/BUILD/gcc-4.8.5-20150702/obj-x86_64-redhat-linux/isl-install --with-cloog=/builddir/build/BUILD/gcc-4.8.5-20150702/obj-x86_64-redhat-linux/cloog-install --enable-gnu-indirect-function --with-tune=generic --with-arch_32=x86-64 --build=x86_64-redhat-linux]
  ignore line: [Thread model: posix]
  ignore line: [gcc version 4.8.5 20150623 (Red Hat 4.8.5-11) (GCC) ]
  ignore line: [COMPILER_PATH=/usr/libexec/gcc/x86_64-redhat-linux/4.8.5/:/usr/libexec/gcc/x86_64-redhat-linux/4.8.5/:/usr/libexec/gcc/x86_64-redhat-linux/:/usr/lib/gcc/x86_64-redhat-linux/4.8.5/:/usr/lib/gcc/x86_64-redhat-linux/]
  ignore line: [LIBRARY_PATH=/usr/lib/gcc/x86_64-redhat-linux/4.8.5/:/usr/lib/gcc/x86_64-redhat-linux/4.8.5/../../../../lib64/:/lib/../lib64/:/usr/lib/../lib64/:/v/apps/intel/composer_xe_2016_update3/compilers_and_libraries_2016.3.210/linux/ipp/lib/intel64/:/v/apps/intel/composer_xe_2016_update3/compilers_and_libraries_2016.3.210/linux/compiler/lib/intel64/:/v/apps/intel/composer_xe_2016_update3/compilers_and_libraries_2016.3.210/linux/mkl/lib/intel64/:/v/apps/intel/composer_xe_2016_update3/compilers_and_libraries_2016.3.210/linux/tbb/lib/intel64/gcc4.4/:/v/apps/intel/composer_xe_2016_update3/compilers_and_libraries_2016.3.210/linux/daal/lib/intel64_lin/:/v/apps/intel/composer_xe_2016_update3/compilers_and_libraries_2016.3.210/linux/daal/../tbb/lib/intel64_lin/gcc4.4/:/v/apps/intel/composer_xe_2016_update3/compilers_and_libraries_2016.3.210/linux/daal/../compiler/lib/intel64_lin/:/u/samar/Documents/git/caffe2/install/lib/:/u/samar/Documents/git/caffe2/install/lib/:/usr/lib/gcc/x86_64-redhat-linux/4.8.5/../../../:/lib/:/usr/lib/]
  ignore line: [COLLECT_GCC_OPTIONS='-v' '-o' 'cmTC_c9d16' '-L/v/apps/cuda/9.2.148/lib64/stubs' '-L/v/apps/cuda/9.2.148/lib64' '-shared-libgcc' '-mtune=generic' '-march=x86-64']
  link line: [ /usr/libexec/gcc/x86_64-redhat-linux/4.8.5/collect2 --build-id --no-add-needed --eh-frame-hdr --hash-style=gnu -m elf_x86_64 -dynamic-linker /lib64/ld-linux-x86-64.so.2 -o cmTC_c9d16 /usr/lib/gcc/x86_64-redhat-linux/4.8.5/../../../../lib64/crt1.o /usr/lib/gcc/x86_64-redhat-linux/4.8.5/../../../../lib64/crti.o /usr/lib/gcc/x86_64-redhat-linux/4.8.5/crtbegin.o -L/v/apps/cuda/9.2.148/lib64/stubs -L/v/apps/cuda/9.2.148/lib64 -L/usr/lib/gcc/x86_64-redhat-linux/4.8.5 -L/usr/lib/gcc/x86_64-redhat-linux/4.8.5/../../../../lib64 -L/lib/../lib64 -L/usr/lib/../lib64 -L/v/apps/intel/composer_xe_2016_update3/compilers_and_libraries_2016.3.210/linux/ipp/lib/intel64 -L/v/apps/intel/composer_xe_2016_update3/compilers_and_libraries_2016.3.210/linux/compiler/lib/intel64 -L/v/apps/intel/composer_xe_2016_update3/compilers_and_libraries_2016.3.210/linux/mkl/lib/intel64 -L/v/apps/intel/composer_xe_2016_update3/compilers_and_libraries_2016.3.210/linux/tbb/lib/intel64/gcc4.4 -L/v/apps/intel/composer_xe_2016_update3/compilers_and_libraries_2016.3.210/linux/daal/lib/intel64_lin -L/v/apps/intel/composer_xe_2016_update3/compilers_and_libraries_2016.3.210/linux/daal/../tbb/lib/intel64_lin/gcc4.4 -L/v/apps/intel/composer_xe_2016_update3/compilers_and_libraries_2016.3.210/linux/daal/../compiler/lib/intel64_lin -L/u/samar/Documents/git/caffe2/install/lib -L/u/samar/Documents/git/caffe2/install/lib -L/usr/lib/gcc/x86_64-redhat-linux/4.8.5/../../.. CMakeFiles/cmTC_c9d16.dir/CMakeCUDACompilerABI.cu.o CMakeFiles/cmTC_c9d16.dir/cmake_device_link.o -lcudadevrt -lcudart_static -lrt -lpthread -ldl -lstdc++ -lm -lgcc_s -lgcc -lc -lgcc_s -lgcc /usr/lib/gcc/x86_64-redhat-linux/4.8.5/crtend.o /usr/lib/gcc/x86_64-redhat-linux/4.8.5/../../../../lib64/crtn.o]
    arg [/usr/libexec/gcc/x86_64-redhat-linux/4.8.5/collect2] ==> ignore
    arg [--build-id] ==> ignore
    arg [--no-add-needed] ==> ignore
    arg [--eh-frame-hdr] ==> ignore
    arg [--hash-style=gnu] ==> ignore
    arg [-m] ==> ignore
    arg [elf_x86_64] ==> ignore
    arg [-dynamic-linker] ==> ignore
    arg [/lib64/ld-linux-x86-64.so.2] ==> ignore
    arg [-o] ==> ignore
    arg [cmTC_c9d16] ==> ignore
    arg [/usr/lib/gcc/x86_64-redhat-linux/4.8.5/../../../../lib64/crt1.o] ==> ignore
    arg [/usr/lib/gcc/x86_64-redhat-linux/4.8.5/../../../../lib64/crti.o] ==> ignore
    arg [/usr/lib/gcc/x86_64-redhat-linux/4.8.5/crtbegin.o] ==> ignore
    arg [-L/v/apps/cuda/9.2.148/lib64/stubs] ==> dir [/v/apps/cuda/9.2.148/lib64/stubs]
    arg [-L/v/apps/cuda/9.2.148/lib64] ==> dir [/v/apps/cuda/9.2.148/lib64]
    arg [-L/usr/lib/gcc/x86_64-redhat-linux/4.8.5] ==> dir [/usr/lib/gcc/x86_64-redhat-linux/4.8.5]
    arg [-L/usr/lib/gcc/x86_64-redhat-linux/4.8.5/../../../../lib64] ==> dir [/usr/lib/gcc/x86_64-redhat-linux/4.8.5/../../../../lib64]
    arg [-L/lib/../lib64] ==> dir [/lib/../lib64]
    arg [-L/usr/lib/../lib64] ==> dir [/usr/lib/../lib64]
    arg [-L/v/apps/intel/composer_xe_2016_update3/compilers_and_libraries_2016.3.210/linux/ipp/lib/intel64] ==> dir [/v/apps/intel/composer_xe_2016_update3/compilers_and_libraries_2016.3.210/linux/ipp/lib/intel64]
    arg [-L/v/apps/intel/composer_xe_2016_update3/compilers_and_libraries_2016.3.210/linux/compiler/lib/intel64] ==> dir [/v/apps/intel/composer_xe_2016_update3/compilers_and_libraries_2016.3.210/linux/compiler/lib/intel64]
    arg [-L/v/apps/intel/composer_xe_2016_update3/compilers_and_libraries_2016.3.210/linux/mkl/lib/intel64] ==> dir [/v/apps/intel/composer_xe_2016_update3/compilers_and_libraries_2016.3.210/linux/mkl/lib/intel64]
    arg [-L/v/apps/intel/composer_xe_2016_update3/compilers_and_libraries_2016.3.210/linux/tbb/lib/intel64/gcc4.4] ==> dir [/v/apps/intel/composer_xe_2016_update3/compilers_and_libraries_2016.3.210/linux/tbb/lib/intel64/gcc4.4]
    arg [-L/v/apps/intel/composer_xe_2016_update3/compilers_and_libraries_2016.3.210/linux/daal/lib/intel64_lin] ==> dir [/v/apps/intel/composer_xe_2016_update3/compilers_and_libraries_2016.3.210/linux/daal/lib/intel64_lin]
    arg [-L/v/apps/intel/composer_xe_2016_update3/compilers_and_libraries_2016.3.210/linux/daal/../tbb/lib/intel64_lin/gcc4.4] ==> dir [/v/apps/intel/composer_xe_2016_update3/compilers_and_libraries_2016.3.210/linux/daal/../tbb/lib/intel64_lin/gcc4.4]
    arg [-L/v/apps/intel/composer_xe_2016_update3/compilers_and_libraries_2016.3.210/linux/daal/../compiler/lib/intel64_lin] ==> dir [/v/apps/intel/composer_xe_2016_update3/compilers_and_libraries_2016.3.210/linux/daal/../compiler/lib/intel64_lin]
    arg [-L/u/samar/Documents/git/caffe2/install/lib] ==> dir [/u/samar/Documents/git/caffe2/install/lib]
    arg [-L/u/samar/Documents/git/caffe2/install/lib] ==> dir [/u/samar/Documents/git/caffe2/install/lib]
    arg [-L/usr/lib/gcc/x86_64-redhat-linux/4.8.5/../../..] ==> dir [/usr/lib/gcc/x86_64-redhat-linux/4.8.5/../../..]
    arg [CMakeFiles/cmTC_c9d16.dir/CMakeCUDACompilerABI.cu.o] ==> ignore
    arg [CMakeFiles/cmTC_c9d16.dir/cmake_device_link.o] ==> ignore
    arg [-lcudadevrt] ==> lib [cudadevrt]
    arg [-lcudart_static] ==> lib [cudart_static]
    arg [-lrt] ==> lib [rt]
    arg [-lpthread] ==> lib [pthread]
    arg [-ldl] ==> lib [dl]
    arg [-lstdc++] ==> lib [stdc++]
    arg [-lm] ==> lib [m]
    arg [-lgcc_s] ==> lib [gcc_s]
    arg [-lgcc] ==> lib [gcc]
    arg [-lc] ==> lib [c]
    arg [-lgcc_s] ==> lib [gcc_s]
    arg [-lgcc] ==> lib [gcc]
    arg [/usr/lib/gcc/x86_64-redhat-linux/4.8.5/crtend.o] ==> ignore
    arg [/usr/lib/gcc/x86_64-redhat-linux/4.8.5/../../../../lib64/crtn.o] ==> ignore
  collapse library dir [/v/apps/cuda/9.2.148/lib64/stubs] ==> [/v/apps/cuda/9.2.148/lib64/stubs]
  collapse library dir [/v/apps/cuda/9.2.148/lib64] ==> [/v/apps/cuda/9.2.148/lib64]
  collapse library dir [/usr/lib/gcc/x86_64-redhat-linux/4.8.5] ==> [/usr/lib/gcc/x86_64-redhat-linux/4.8.5]
  collapse library dir [/usr/lib/gcc/x86_64-redhat-linux/4.8.5/../../../../lib64] ==> [/usr/lib64]
  collapse library dir [/lib/../lib64] ==> [/lib64]
  collapse library dir [/usr/lib/../lib64] ==> [/usr/lib64]
  collapse library dir [/v/apps/intel/composer_xe_2016_update3/compilers_and_libraries_2016.3.210/linux/ipp/lib/intel64] ==> [/v/apps/intel/composer_xe_2016_update3/compilers_and_libraries_2016.3.210/linux/ipp/lib/intel64]
  collapse library dir [/v/apps/intel/composer_xe_2016_update3/compilers_and_libraries_2016.3.210/linux/compiler/lib/intel64] ==> [/v/apps/intel/composer_xe_2016_update3/compilers_and_libraries_2016.3.210/linux/compiler/lib/intel64]
  collapse library dir [/v/apps/intel/composer_xe_2016_update3/compilers_and_libraries_2016.3.210/linux/mkl/lib/intel64] ==> [/v/apps/intel/composer_xe_2016_update3/compilers_and_libraries_2016.3.210/linux/mkl/lib/intel64]
  collapse library dir [/v/apps/intel/composer_xe_2016_update3/compilers_and_libraries_2016.3.210/linux/tbb/lib/intel64/gcc4.4] ==> [/v/apps/intel/composer_xe_2016_update3/compilers_and_libraries_2016.3.210/linux/tbb/lib/intel64/gcc4.4]
  collapse library dir [/v/apps/intel/composer_xe_2016_update3/compilers_and_libraries_2016.3.210/linux/daal/lib/intel64_lin] ==> [/v/apps/intel/composer_xe_2016_update3/compilers_and_libraries_2016.3.210/linux/daal/lib/intel64_lin]
  collapse library dir [/v/apps/intel/composer_xe_2016_update3/compilers_and_libraries_2016.3.210/linux/daal/../tbb/lib/intel64_lin/gcc4.4] ==> [/v/apps/intel/composer_xe_2016_update3/compilers_and_libraries_2016.3.210/linux/tbb/lib/intel64_lin/gcc4.4]
  collapse library dir [/v/apps/intel/composer_xe_2016_update3/compilers_and_libraries_2016.3.210/linux/daal/../compiler/lib/intel64_lin] ==> [/v/apps/intel/composer_xe_2016_update3/compilers_and_libraries_2016.3.210/linux/compiler/lib/intel64_lin]
  collapse library dir [/u/samar/Documents/git/caffe2/install/lib] ==> [/u/samar/Documents/git/caffe2/install/lib]
  collapse library dir [/u/samar/Documents/git/caffe2/install/lib] ==> [/u/samar/Documents/git/caffe2/install/lib]
  collapse library dir [/usr/lib/gcc/x86_64-redhat-linux/4.8.5/../../..] ==> [/usr/lib]
  implicit libs: [cudadevrt;cudart_static;rt;pthread;dl;stdc++;m;gcc_s;gcc;c;gcc_s;gcc]
  implicit dirs: [/v/apps/cuda/9.2.148/lib64/stubs;/v/apps/cuda/9.2.148/lib64;/usr/lib/gcc/x86_64-redhat-linux/4.8.5;/usr/lib64;/lib64;/v/apps/intel/composer_xe_2016_update3/compilers_and_libraries_2016.3.210/linux/ipp/lib/intel64;/v/apps/intel/composer_xe_2016_update3/compilers_and_libraries_2016.3.210/linux/compiler/lib/intel64;/v/apps/intel/composer_xe_2016_update3/compilers_and_libraries_2016.3.210/linux/mkl/lib/intel64;/v/apps/intel/composer_xe_2016_update3/compilers_and_libraries_2016.3.210/linux/tbb/lib/intel64/gcc4.4;/v/apps/intel/composer_xe_2016_update3/compilers_and_libraries_2016.3.210/linux/daal/lib/intel64_lin;/v/apps/intel/composer_xe_2016_update3/compilers_and_libraries_2016.3.210/linux/tbb/lib/intel64_lin/gcc4.4;/v/apps/intel/composer_xe_2016_update3/compilers_and_libraries_2016.3.210/linux/compiler/lib/intel64_lin;/u/samar/Documents/git/caffe2/install/lib;/usr/lib]
  implicit fwks: []


Determining if the include file pthread.h exists passed with the following output:
Change Dir: /u/samar/Documents/git/cuda/cmake-build-debug/CMakeFiles/CMakeTmp

Run Build Command:"/usr/bin/gmake" "cmTC_044b3/fast"
/usr/bin/gmake -f CMakeFiles/cmTC_044b3.dir/build.make CMakeFiles/cmTC_044b3.dir/build
gmake[1]: Entering directory `/u/samar/Documents/git/cuda/cmake-build-debug/CMakeFiles/CMakeTmp'
Building CXX object CMakeFiles/cmTC_044b3.dir/CheckIncludeFile.cxx.o
/v/apps/intel/composer_xe_2016_update3/compilers_and_libraries_2016.3.210/linux/bin/intel64/icpc     -o CMakeFiles/cmTC_044b3.dir/CheckIncludeFile.cxx.o -c /u/samar/Documents/git/cuda/cmake-build-debug/CMakeFiles/CMakeTmp/CheckIncludeFile.cxx
Linking CXX executable cmTC_044b3
/v/apps/cmake/3.9.0/bin/cmake -E cmake_link_script CMakeFiles/cmTC_044b3.dir/link.txt --verbose=1
/v/apps/intel/composer_xe_2016_update3/compilers_and_libraries_2016.3.210/linux/bin/intel64/icpc       CMakeFiles/cmTC_044b3.dir/CheckIncludeFile.cxx.o  -o cmTC_044b3 
gmake[1]: Leaving directory `/u/samar/Documents/git/cuda/cmake-build-debug/CMakeFiles/CMakeTmp'


Determining if the function pthread_create exists in the pthread passed with the following output:
Change Dir: /u/samar/Documents/git/cuda/cmake-build-debug/CMakeFiles/CMakeTmp

Run Build Command:"/usr/bin/gmake" "cmTC_8dad0/fast"
/usr/bin/gmake -f CMakeFiles/cmTC_8dad0.dir/build.make CMakeFiles/cmTC_8dad0.dir/build
gmake[1]: Entering directory `/u/samar/Documents/git/cuda/cmake-build-debug/CMakeFiles/CMakeTmp'
Building CXX object CMakeFiles/cmTC_8dad0.dir/CheckFunctionExists.cxx.o
/v/apps/intel/composer_xe_2016_update3/compilers_and_libraries_2016.3.210/linux/bin/intel64/icpc    -DCHECK_FUNCTION_EXISTS=pthread_create   -o CMakeFiles/cmTC_8dad0.dir/CheckFunctionExists.cxx.o -c /u/samar/Documents/git/cuda/cmake-build-debug/CMakeFiles/CheckLibraryExists/CheckFunctionExists.cxx
Linking CXX executable cmTC_8dad0
/v/apps/cmake/3.9.0/bin/cmake -E cmake_link_script CMakeFiles/cmTC_8dad0.dir/link.txt --verbose=1
/v/apps/intel/composer_xe_2016_update3/compilers_and_libraries_2016.3.210/linux/bin/intel64/icpc   -DCHECK_FUNCTION_EXISTS=pthread_create    CMakeFiles/cmTC_8dad0.dir/CheckFunctionExists.cxx.o  -o cmTC_8dad0 -lpthread 
gmake[1]: Leaving directory `/u/samar/Documents/git/cuda/cmake-build-debug/CMakeFiles/CMakeTmp'


